#
# There is insufficient memory for the Java Runtime Environment to continue.
# Native memory allocation (malloc) failed to allocate 961536 bytes for Chunk::new
# Possible reasons:
#   The system is out of physical RAM or swap space
#   In 32 bit mode, the process size limit was hit
# Possible solutions:
#   Reduce memory load on the system
#   Increase physical memory or swap space
#   Check if swap backing store is full
#   Use 64 bit Java on a 64 bit OS
#   Decrease Java heap size (-Xmx/-Xms)
#   Decrease number of Java threads
#   Decrease Java thread stack sizes (-Xss)
#   Set larger code cache with -XX:ReservedCodeCacheSize=
# This output file may be truncated or incomplete.
#
#  Out of Memory Error (allocation.cpp:390), pid=23944, tid=0x0000000000008af0
#
# JRE version: Java(TM) SE Runtime Environment (8.0_181-b13) (build 1.8.0_181-b13)
# Java VM: Java HotSpot(TM) 64-Bit Server VM (25.181-b13 mixed mode windows-amd64 compressed oops)
# Failed to write core dump. Minidumps are not enabled by default on client versions of Windows
#

---------------  T H R E A D  ---------------

Current thread (0x0000000018633800):  JavaThread "C2 CompilerThread0" daemon [_thread_in_native, id=35568, stack(0x0000000018fe0000,0x00000000190e0000)]

Stack: [0x0000000018fe0000,0x00000000190e0000]
[error occurred during error reporting (printing stack bounds), id 0xc0000005]

Native frames: (J=compiled Java code, j=interpreted, Vv=VM code, C=native code)


Current CompileTask:
C2:17894851 5235   !   4       org.eclipse.osgi.internal.loader.BundleLoader::findClassInternal (502 bytes)


---------------  P R O C E S S  ---------------

Java Threads: ( => current thread )
  0x000000001e5f9800 JavaThread "Framework stop" [_thread_in_native, id=19744, stack(0x00000000227d0000,0x00000000228d0000)]
  0x000000001e5f8000 JavaThread "Worker-7" [_thread_blocked, id=57920, stack(0x00000000225d0000,0x00000000226d0000)]
  0x000000001e5f5800 JavaThread "Worker-5" [_thread_blocked, id=19584, stack(0x0000000021000000,0x0000000021100000)]
  0x000000001e5f9000 JavaThread "Bundle File Closer" daemon [_thread_blocked, id=53240, stack(0x000000001f7f0000,0x000000001f8f0000)]
  0x000000001e67d800 JavaThread "pool-1-thread-1" [_thread_in_native, id=51988, stack(0x000000001eb70000,0x000000001ec70000)]
  0x000000001ca68800 JavaThread "pool-2-thread-1" [_thread_blocked, id=8484, stack(0x000000001d700000,0x000000001d800000)]
  0x000000001a319000 JavaThread "Java indexing" daemon [_thread_blocked, id=58976, stack(0x000000001bd30000,0x000000001be30000)]
  0x0000000019d1d800 JavaThread "Worker-JM" [_thread_blocked, id=2188, stack(0x000000001b730000,0x000000001b830000)]
  0x0000000019e4f000 JavaThread "Start Level: Equinox Container: 3e876928-91fb-4527-b1ab-c751deeb751b" daemon [_thread_blocked, id=5204, stack(0x000000001b330000,0x000000001b430000)]
  0x000000001a150800 JavaThread "Framework Event Dispatcher: Equinox Container: 3e876928-91fb-4527-b1ab-c751deeb751b" daemon [_thread_blocked, id=55908, stack(0x000000001b230000,0x000000001b330000)]
  0x0000000019e93000 JavaThread "Active Thread: Equinox Container: 3e876928-91fb-4527-b1ab-c751deeb751b" [_thread_blocked, id=55736, stack(0x000000001b130000,0x000000001b230000)]
  0x0000000018679000 JavaThread "Service Thread" daemon [_thread_blocked, id=53128, stack(0x00000000192e0000,0x00000000193e0000)]
  0x0000000018636000 JavaThread "C1 CompilerThread2" daemon [_thread_blocked, id=57328, stack(0x00000000191e0000,0x00000000192e0000)]
  0x0000000018634800 JavaThread "C2 CompilerThread1" daemon [_thread_blocked, id=50932, stack(0x00000000190e0000,0x00000000191e0000)]
=>0x0000000018633800 JavaThread "C2 CompilerThread0" daemon [_thread_in_native, id=35568, stack(0x0000000018fe0000,0x00000000190e0000)]
  0x0000000018632800 JavaThread "Attach Listener" daemon [_thread_blocked, id=14888, stack(0x0000000018ee0000,0x0000000018fe0000)]
  0x000000001862e800 JavaThread "Signal Dispatcher" daemon [_thread_blocked, id=62180, stack(0x0000000018de0000,0x0000000018ee0000)]
  0x000000001862d800 JavaThread "Surrogate Locker Thread (Concurrent GC)" daemon [_thread_blocked, id=4204, stack(0x0000000018ce0000,0x0000000018de0000)]
  0x00000000179c7000 JavaThread "Finalizer" daemon [_thread_blocked, id=44828, stack(0x0000000018af0000,0x0000000018bf0000)]
  0x00000000179ba000 JavaThread "Reference Handler" daemon [_thread_blocked, id=54264, stack(0x00000000189f0000,0x0000000018af0000)]
  0x00000000029b3800 JavaThread "main" [_thread_blocked, id=49892, stack(0x00000000028b0000,0x00000000029b0000)]

Other Threads:
  0x00000000179b6800 VMThread [stack: 0x00000000188f0000,0x00000000189f0000] [id=52152]
  0x00000000186e1000 WatcherThread [stack: 0x00000000193e0000,0x00000000194e0000] [id=27700]

VM state:not at safepoint (normal execution)

VM Mutex/Monitor currently owned by a thread: None

Heap:
 garbage-first heap   total 455680K, used 104960K [0x00000000c0000000, 0x00000000c0100de8, 0x0000000100000000)
  region size 1024K, 20 young (20480K), 3 survivors (3072K)
 Metaspace       used 40613K, capacity 43054K, committed 43392K, reserved 1087488K
  class space    used 4418K, capacity 5178K, committed 5248K, reserved 1048576K

Heap Regions: (Y=young(eden), SU=young(survivor), HS=humongous(starts), HC=humongous(continues), CS=collection set, F=free, TS=gc time stamp, PTAMS=previous top-at-mark-start, NTAMS=next top-at-mark-start)
AC   0  O    TS     1 PTAMS 0x00000000c0000000 NTAMS 0x00000000c0000000 space 1024K, 100% used [0x00000000c0000000, 0x00000000c0100000)
AC   0  O    TS     0 PTAMS 0x00000000c0200000 NTAMS 0x00000000c0200000 space 1024K, 100% used [0x00000000c0100000, 0x00000000c0200000)
AC   0  O    TS     0 PTAMS 0x00000000c0300000 NTAMS 0x00000000c0300000 space 1024K, 100% used [0x00000000c0200000, 0x00000000c0300000)
AC   0  O    TS     1 PTAMS 0x00000000c0300000 NTAMS 0x00000000c0300000 space 1024K, 100% used [0x00000000c0300000, 0x00000000c0400000)
AC   0  O    TS     0 PTAMS 0x00000000c0500000 NTAMS 0x00000000c0500000 space 1024K, 100% used [0x00000000c0400000, 0x00000000c0500000)
AC   0  O    TS     0 PTAMS 0x00000000c0600000 NTAMS 0x00000000c0600000 space 1024K, 100% used [0x00000000c0500000, 0x00000000c0600000)
AC   0  O    TS     0 PTAMS 0x00000000c0700000 NTAMS 0x00000000c0700000 space 1024K, 100% used [0x00000000c0600000, 0x00000000c0700000)
AC   0  O    TS     1 PTAMS 0x00000000c0700000 NTAMS 0x00000000c0700000 space 1024K, 100% used [0x00000000c0700000, 0x00000000c0800000)
AC   0  O    TS     0 PTAMS 0x00000000c0900000 NTAMS 0x00000000c0900000 space 1024K, 100% used [0x00000000c0800000, 0x00000000c0900000)
AC   0  F    TS     0 PTAMS 0x00000000c0900000 NTAMS 0x00000000c0900000 space 1024K,   0% used [0x00000000c0900000, 0x00000000c0a00000)
AC   0  O    TS     0 PTAMS 0x00000000c0b00000 NTAMS 0x00000000c0b00000 space 1024K, 100% used [0x00000000c0a00000, 0x00000000c0b00000)
AC   0  O    TS     0 PTAMS 0x00000000c0c00000 NTAMS 0x00000000c0c00000 space 1024K, 100% used [0x00000000c0b00000, 0x00000000c0c00000)
AC   0  O    TS     0 PTAMS 0x00000000c0d00000 NTAMS 0x00000000c0d00000 space 1024K, 100% used [0x00000000c0c00000, 0x00000000c0d00000)
AC   0  O    TS     0 PTAMS 0x00000000c0e00000 NTAMS 0x00000000c0e00000 space 1024K, 100% used [0x00000000c0d00000, 0x00000000c0e00000)
AC   0  F    TS     0 PTAMS 0x00000000c0e00000 NTAMS 0x00000000c0e00000 space 1024K,   0% used [0x00000000c0e00000, 0x00000000c0f00000)
AC   0  O    TS     0 PTAMS 0x00000000c1000000 NTAMS 0x00000000c1000000 space 1024K, 100% used [0x00000000c0f00000, 0x00000000c1000000)
AC   0  O    TS     1 PTAMS 0x00000000c1000000 NTAMS 0x00000000c1000000 space 1024K, 100% used [0x00000000c1000000, 0x00000000c1100000)
AC   0  O    TS     1 PTAMS 0x00000000c1100000 NTAMS 0x00000000c1100000 space 1024K, 100% used [0x00000000c1100000, 0x00000000c1200000)
AC   0  O    TS     1 PTAMS 0x00000000c1200000 NTAMS 0x00000000c1200000 space 1024K, 100% used [0x00000000c1200000, 0x00000000c1300000)
AC   0  O    TS     1 PTAMS 0x00000000c1300000 NTAMS 0x00000000c1300000 space 1024K, 100% used [0x00000000c1300000, 0x00000000c1400000)
AC   0  O    TS     1 PTAMS 0x00000000c1400000 NTAMS 0x00000000c1400000 space 1024K, 100% used [0x00000000c1400000, 0x00000000c1500000)
AC   0  O    TS     1 PTAMS 0x00000000c1500000 NTAMS 0x00000000c1500000 space 1024K, 100% used [0x00000000c1500000, 0x00000000c1600000)
AC   0  O    TS     0 PTAMS 0x00000000c1700000 NTAMS 0x00000000c1700000 space 1024K, 100% used [0x00000000c1600000, 0x00000000c1700000)
AC   0  O    TS     0 PTAMS 0x00000000c1800000 NTAMS 0x00000000c1800000 space 1024K, 100% used [0x00000000c1700000, 0x00000000c1800000)
AC   0  O    TS     0 PTAMS 0x00000000c1900000 NTAMS 0x00000000c1900000 space 1024K, 100% used [0x00000000c1800000, 0x00000000c1900000)
AC   0  O    TS     0 PTAMS 0x00000000c1a00000 NTAMS 0x00000000c1a00000 space 1024K, 100% used [0x00000000c1900000, 0x00000000c1a00000)
AC   0  O    TS     0 PTAMS 0x00000000c1b00000 NTAMS 0x00000000c1b00000 space 1024K, 100% used [0x00000000c1a00000, 0x00000000c1b00000)
AC   0  O    TS     0 PTAMS 0x00000000c1c00000 NTAMS 0x00000000c1c00000 space 1024K, 100% used [0x00000000c1b00000, 0x00000000c1c00000)
AC   0  O    TS     1 PTAMS 0x00000000c1c00000 NTAMS 0x00000000c1c00000 space 1024K, 100% used [0x00000000c1c00000, 0x00000000c1d00000)
AC   0  O    TS     1 PTAMS 0x00000000c1d00000 NTAMS 0x00000000c1d00000 space 1024K, 100% used [0x00000000c1d00000, 0x00000000c1e00000)
AC   0  O    TS     1 PTAMS 0x00000000c1e00000 NTAMS 0x00000000c1e00000 space 1024K, 100% used [0x00000000c1e00000, 0x00000000c1f00000)
AC   0  O    TS     1 PTAMS 0x00000000c1f00000 NTAMS 0x00000000c1f00000 space 1024K, 100% used [0x00000000c1f00000, 0x00000000c2000000)
AC   0  O    TS     3 PTAMS 0x00000000c2000000 NTAMS 0x00000000c2000000 space 1024K, 100% used [0x00000000c2000000, 0x00000000c2100000)
AC   0  O    TS     3 PTAMS 0x00000000c2100000 NTAMS 0x00000000c2100000 space 1024K, 100% used [0x00000000c2100000, 0x00000000c2200000)
AC   0  O    TS     3 PTAMS 0x00000000c2200000 NTAMS 0x00000000c2200000 space 1024K, 100% used [0x00000000c2200000, 0x00000000c2300000)
AC   0  O    TS     3 PTAMS 0x00000000c2300000 NTAMS 0x00000000c2300000 space 1024K, 100% used [0x00000000c2300000, 0x00000000c2400000)
AC   0  O    TS     3 PTAMS 0x00000000c2400000 NTAMS 0x00000000c2400000 space 1024K, 100% used [0x00000000c2400000, 0x00000000c2500000)
AC   0  O    TS     3 PTAMS 0x00000000c2500000 NTAMS 0x00000000c2500000 space 1024K, 100% used [0x00000000c2500000, 0x00000000c2600000)
AC   0  O    TS     0 PTAMS 0x00000000c2700000 NTAMS 0x00000000c2700000 space 1024K, 100% used [0x00000000c2600000, 0x00000000c2700000)
AC   0  O    TS     0 PTAMS 0x00000000c2800000 NTAMS 0x00000000c2800000 space 1024K, 100% used [0x00000000c2700000, 0x00000000c2800000)
AC   0  O    TS     3 PTAMS 0x00000000c2800000 NTAMS 0x00000000c2800000 space 1024K, 100% used [0x00000000c2800000, 0x00000000c2900000)
AC   0  O    TS     0 PTAMS 0x00000000c2a00000 NTAMS 0x00000000c2a00000 space 1024K, 100% used [0x00000000c2900000, 0x00000000c2a00000)
AC   0  F    TS     0 PTAMS 0x00000000c2a00000 NTAMS 0x00000000c2a00000 space 1024K,   0% used [0x00000000c2a00000, 0x00000000c2b00000)
AC   0  O    TS     3 PTAMS 0x00000000c2b00000 NTAMS 0x00000000c2b00000 space 1024K, 100% used [0x00000000c2b00000, 0x00000000c2c00000)
AC   0  O    TS     3 PTAMS 0x00000000c2c00000 NTAMS 0x00000000c2c00000 space 1024K, 100% used [0x00000000c2c00000, 0x00000000c2d00000)
AC   0  O    TS     0 PTAMS 0x00000000c2e00000 NTAMS 0x00000000c2e00000 space 1024K, 100% used [0x00000000c2d00000, 0x00000000c2e00000)
AC   0  O    TS     0 PTAMS 0x00000000c2f00000 NTAMS 0x00000000c2f00000 space 1024K, 100% used [0x00000000c2e00000, 0x00000000c2f00000)
AC   0  O    TS     3 PTAMS 0x00000000c2f00000 NTAMS 0x00000000c2f00000 space 1024K, 100% used [0x00000000c2f00000, 0x00000000c3000000)
AC   0  O    TS     3 PTAMS 0x00000000c3000000 NTAMS 0x00000000c3000000 space 1024K, 100% used [0x00000000c3000000, 0x00000000c3100000)
AC   0  O    TS     0 PTAMS 0x00000000c3200000 NTAMS 0x00000000c3200000 space 1024K, 100% used [0x00000000c3100000, 0x00000000c3200000)
AC   0  O    TS     0 PTAMS 0x00000000c3300000 NTAMS 0x00000000c3300000 space 1024K, 100% used [0x00000000c3200000, 0x00000000c3300000)
AC   0  O    TS     3 PTAMS 0x00000000c3300000 NTAMS 0x00000000c3300000 space 1024K, 100% used [0x00000000c3300000, 0x00000000c3400000)
AC   0  O    TS     0 PTAMS 0x00000000c3500000 NTAMS 0x00000000c3500000 space 1024K, 100% used [0x00000000c3400000, 0x00000000c3500000)
AC   0  O    TS     3 PTAMS 0x00000000c3500000 NTAMS 0x00000000c3500000 space 1024K, 100% used [0x00000000c3500000, 0x00000000c3600000)
AC   0  O    TS     0 PTAMS 0x00000000c3700000 NTAMS 0x00000000c3700000 space 1024K, 100% used [0x00000000c3600000, 0x00000000c3700000)
AC   0  O    TS     3 PTAMS 0x00000000c3700000 NTAMS 0x00000000c3700000 space 1024K, 100% used [0x00000000c3700000, 0x00000000c3800000)
AC   0  O    TS     3 PTAMS 0x00000000c3800000 NTAMS 0x00000000c3800000 space 1024K, 100% used [0x00000000c3800000, 0x00000000c3900000)
AC   0  O    TS     0 PTAMS 0x00000000c3a00000 NTAMS 0x00000000c3a00000 space 1024K, 100% used [0x00000000c3900000, 0x00000000c3a00000)
AC   0  O    TS     0 PTAMS 0x00000000c3b00000 NTAMS 0x00000000c3b00000 space 1024K, 100% used [0x00000000c3a00000, 0x00000000c3b00000)
AC   0  O    TS     0 PTAMS 0x00000000c3c00000 NTAMS 0x00000000c3c00000 space 1024K, 100% used [0x00000000c3b00000, 0x00000000c3c00000)
AC   0  F    TS     0 PTAMS 0x00000000c3c00000 NTAMS 0x00000000c3c00000 space 1024K,   0% used [0x00000000c3c00000, 0x00000000c3d00000)
AC   0  F    TS     0 PTAMS 0x00000000c3d00000 NTAMS 0x00000000c3d00000 space 1024K,   0% used [0x00000000c3d00000, 0x00000000c3e00000)
AC   0  O    TS     3 PTAMS 0x00000000c3e00000 NTAMS 0x00000000c3e00000 space 1024K, 100% used [0x00000000c3e00000, 0x00000000c3f00000)
AC   0  O    TS     0 PTAMS 0x00000000c4000000 NTAMS 0x00000000c4000000 space 1024K, 100% used [0x00000000c3f00000, 0x00000000c4000000)
AC   0  O    TS     0 PTAMS 0x00000000c4100000 NTAMS 0x00000000c4100000 space 1024K, 100% used [0x00000000c4000000, 0x00000000c4100000)
AC   0  O    TS     3 PTAMS 0x00000000c4100000 NTAMS 0x00000000c4100000 space 1024K,  50% used [0x00000000c4100000, 0x00000000c4200000)
AC   0  F    TS     0 PTAMS 0x00000000c4200000 NTAMS 0x00000000c4200000 space 1024K,   0% used [0x00000000c4200000, 0x00000000c4300000)
AC   0  O    TS     0 PTAMS 0x00000000c4400000 NTAMS 0x00000000c4400000 space 1024K, 100% used [0x00000000c4300000, 0x00000000c4400000)
AC   0  F    TS     0 PTAMS 0x00000000c4400000 NTAMS 0x00000000c4400000 space 1024K,   0% used [0x00000000c4400000, 0x00000000c4500000)
AC   0  F    TS     0 PTAMS 0x00000000c4500000 NTAMS 0x00000000c4500000 space 1024K,   0% used [0x00000000c4500000, 0x00000000c4600000)
AC   0  F    TS     0 PTAMS 0x00000000c4600000 NTAMS 0x00000000c4600000 space 1024K,   0% used [0x00000000c4600000, 0x00000000c4700000)
AC   0  O    TS     0 PTAMS 0x00000000c4800000 NTAMS 0x00000000c4800000 space 1024K, 100% used [0x00000000c4700000, 0x00000000c4800000)
AC   0  O    TS     0 PTAMS 0x00000000c4900000 NTAMS 0x00000000c4900000 space 1024K, 100% used [0x00000000c4800000, 0x00000000c4900000)
AC   0  O    TS     0 PTAMS 0x00000000c4a00000 NTAMS 0x00000000c4a00000 space 1024K, 100% used [0x00000000c4900000, 0x00000000c4a00000)
AC   0  F    TS     0 PTAMS 0x00000000c4a00000 NTAMS 0x00000000c4a00000 space 1024K,   0% used [0x00000000c4a00000, 0x00000000c4b00000)
AC   0  F    TS     0 PTAMS 0x00000000c4b00000 NTAMS 0x00000000c4b00000 space 1024K,   0% used [0x00000000c4b00000, 0x00000000c4c00000)
AC   0  F    TS     0 PTAMS 0x00000000c4c00000 NTAMS 0x00000000c4c00000 space 1024K,   0% used [0x00000000c4c00000, 0x00000000c4d00000)
AC   0  F    TS     0 PTAMS 0x00000000c4d00000 NTAMS 0x00000000c4d00000 space 1024K,   0% used [0x00000000c4d00000, 0x00000000c4e00000)
AC   0  O    TS     0 PTAMS 0x00000000c4f00000 NTAMS 0x00000000c4f00000 space 1024K, 100% used [0x00000000c4e00000, 0x00000000c4f00000)
AC   0  F    TS     0 PTAMS 0x00000000c4f00000 NTAMS 0x00000000c4f00000 space 1024K,   0% used [0x00000000c4f00000, 0x00000000c5000000)
AC   0  O    TS     0 PTAMS 0x00000000c5100000 NTAMS 0x00000000c5100000 space 1024K, 100% used [0x00000000c5000000, 0x00000000c5100000)
AC   0  O    TS     0 PTAMS 0x00000000c5200000 NTAMS 0x00000000c5200000 space 1024K, 100% used [0x00000000c5100000, 0x00000000c5200000)
AC   0  F    TS     0 PTAMS 0x00000000c5200000 NTAMS 0x00000000c5200000 space 1024K,   0% used [0x00000000c5200000, 0x00000000c5300000)
AC   0  F    TS     0 PTAMS 0x00000000c5300000 NTAMS 0x00000000c5300000 space 1024K,   0% used [0x00000000c5300000, 0x00000000c5400000)
AC   0  O    TS     0 PTAMS 0x00000000c5500000 NTAMS 0x00000000c5500000 space 1024K, 100% used [0x00000000c5400000, 0x00000000c5500000)
AC   0  F    TS     0 PTAMS 0x00000000c5500000 NTAMS 0x00000000c5500000 space 1024K,   0% used [0x00000000c5500000, 0x00000000c5600000)
AC   0  O    TS     0 PTAMS 0x00000000c5700000 NTAMS 0x00000000c5700000 space 1024K, 100% used [0x00000000c5600000, 0x00000000c5700000)
AC   0  F    TS     0 PTAMS 0x00000000c5700000 NTAMS 0x00000000c5700000 space 1024K,   0% used [0x00000000c5700000, 0x00000000c5800000)
AC   0  F    TS     0 PTAMS 0x00000000c5800000 NTAMS 0x00000000c5800000 space 1024K,   0% used [0x00000000c5800000, 0x00000000c5900000)
AC   0  F    TS     0 PTAMS 0x00000000c5900000 NTAMS 0x00000000c5900000 space 1024K,   0% used [0x00000000c5900000, 0x00000000c5a00000)
AC   0  F    TS     0 PTAMS 0x00000000c5a00000 NTAMS 0x00000000c5a00000 space 1024K,   0% used [0x00000000c5a00000, 0x00000000c5b00000)
AC   0  F    TS     0 PTAMS 0x00000000c5b00000 NTAMS 0x00000000c5b00000 space 1024K,   0% used [0x00000000c5b00000, 0x00000000c5c00000)
AC   0  O    TS     0 PTAMS 0x00000000c5d00000 NTAMS 0x00000000c5d00000 space 1024K, 100% used [0x00000000c5c00000, 0x00000000c5d00000)
AC   0  F    TS     0 PTAMS 0x00000000c5d00000 NTAMS 0x00000000c5d00000 space 1024K,   0% used [0x00000000c5d00000, 0x00000000c5e00000)
AC   0  F    TS     0 PTAMS 0x00000000c5e00000 NTAMS 0x00000000c5e00000 space 1024K,   0% used [0x00000000c5e00000, 0x00000000c5f00000)
AC   0  O    TS     0 PTAMS 0x00000000c6000000 NTAMS 0x00000000c6000000 space 1024K, 100% used [0x00000000c5f00000, 0x00000000c6000000)
AC   0  F    TS     0 PTAMS 0x00000000c6000000 NTAMS 0x00000000c6000000 space 1024K,   0% used [0x00000000c6000000, 0x00000000c6100000)
AC   0  F    TS     0 PTAMS 0x00000000c6100000 NTAMS 0x00000000c6100000 space 1024K,   0% used [0x00000000c6100000, 0x00000000c6200000)
AC   0  F    TS     0 PTAMS 0x00000000c6200000 NTAMS 0x00000000c6200000 space 1024K,   0% used [0x00000000c6200000, 0x00000000c6300000)
AC   0  F    TS     0 PTAMS 0x00000000c6300000 NTAMS 0x00000000c6300000 space 1024K,   0% used [0x00000000c6300000, 0x00000000c6400000)
AC   0  F    TS     0 PTAMS 0x00000000c6400000 NTAMS 0x00000000c6400000 space 1024K,   0% used [0x00000000c6400000, 0x00000000c6500000)
AC   0  F    TS     0 PTAMS 0x00000000c6500000 NTAMS 0x00000000c6500000 space 1024K,   0% used [0x00000000c6500000, 0x00000000c6600000)
AC   0  F    TS     0 PTAMS 0x00000000c6600000 NTAMS 0x00000000c6600000 space 1024K,   0% used [0x00000000c6600000, 0x00000000c6700000)
AC   0  O    TS     0 PTAMS 0x00000000c6800000 NTAMS 0x00000000c6800000 space 1024K, 100% used [0x00000000c6700000, 0x00000000c6800000)
AC   0  F    TS     0 PTAMS 0x00000000c6800000 NTAMS 0x00000000c6800000 space 1024K,   0% used [0x00000000c6800000, 0x00000000c6900000)
AC   0  F    TS     0 PTAMS 0x00000000c6900000 NTAMS 0x00000000c6900000 space 1024K,   0% used [0x00000000c6900000, 0x00000000c6a00000)
AC   0  F    TS     0 PTAMS 0x00000000c6a00000 NTAMS 0x00000000c6a00000 space 1024K,   0% used [0x00000000c6a00000, 0x00000000c6b00000)
AC   0  O    TS     0 PTAMS 0x00000000c6c00000 NTAMS 0x00000000c6c00000 space 1024K, 100% used [0x00000000c6b00000, 0x00000000c6c00000)
AC   0  F    TS     0 PTAMS 0x00000000c6c00000 NTAMS 0x00000000c6c00000 space 1024K,   0% used [0x00000000c6c00000, 0x00000000c6d00000)
AC   0  F    TS     0 PTAMS 0x00000000c6d00000 NTAMS 0x00000000c6d00000 space 1024K,   0% used [0x00000000c6d00000, 0x00000000c6e00000)
AC   0  O    TS     0 PTAMS 0x00000000c6f00000 NTAMS 0x00000000c6f00000 space 1024K, 100% used [0x00000000c6e00000, 0x00000000c6f00000)
AC   0  F    TS     0 PTAMS 0x00000000c6f00000 NTAMS 0x00000000c6f00000 space 1024K,   0% used [0x00000000c6f00000, 0x00000000c7000000)
AC   0  F    TS     0 PTAMS 0x00000000c7000000 NTAMS 0x00000000c7000000 space 1024K,   0% used [0x00000000c7000000, 0x00000000c7100000)
AC   0  F    TS     0 PTAMS 0x00000000c7100000 NTAMS 0x00000000c7100000 space 1024K,   0% used [0x00000000c7100000, 0x00000000c7200000)
AC   0  F    TS     0 PTAMS 0x00000000c7200000 NTAMS 0x00000000c7200000 space 1024K,   0% used [0x00000000c7200000, 0x00000000c7300000)
AC   0  F    TS     0 PTAMS 0x00000000c7300000 NTAMS 0x00000000c7300000 space 1024K,   0% used [0x00000000c7300000, 0x00000000c7400000)
AC   0  F    TS     0 PTAMS 0x00000000c7400000 NTAMS 0x00000000c7400000 space 1024K,   0% used [0x00000000c7400000, 0x00000000c7500000)
AC   0  F    TS     0 PTAMS 0x00000000c7500000 NTAMS 0x00000000c7500000 space 1024K,   0% used [0x00000000c7500000, 0x00000000c7600000)
AC   0  F    TS     0 PTAMS 0x00000000c7600000 NTAMS 0x00000000c7600000 space 1024K,   0% used [0x00000000c7600000, 0x00000000c7700000)
AC   0  F    TS     0 PTAMS 0x00000000c7700000 NTAMS 0x00000000c7700000 space 1024K,   0% used [0x00000000c7700000, 0x00000000c7800000)
AC   0  F    TS     0 PTAMS 0x00000000c7800000 NTAMS 0x00000000c7800000 space 1024K,   0% used [0x00000000c7800000, 0x00000000c7900000)
AC   0  F    TS     0 PTAMS 0x00000000c7900000 NTAMS 0x00000000c7900000 space 1024K,   0% used [0x00000000c7900000, 0x00000000c7a00000)
AC   0  F    TS     0 PTAMS 0x00000000c7a00000 NTAMS 0x00000000c7a00000 space 1024K,   0% used [0x00000000c7a00000, 0x00000000c7b00000)
AC   0  O    TS     0 PTAMS 0x00000000c7c00000 NTAMS 0x00000000c7c00000 space 1024K, 100% used [0x00000000c7b00000, 0x00000000c7c00000)
AC   0  O    TS     0 PTAMS 0x00000000c7d00000 NTAMS 0x00000000c7d00000 space 1024K, 100% used [0x00000000c7c00000, 0x00000000c7d00000)
AC   0  O    TS     0 PTAMS 0x00000000c7e00000 NTAMS 0x00000000c7e00000 space 1024K, 100% used [0x00000000c7d00000, 0x00000000c7e00000)
AC   0  O    TS     0 PTAMS 0x00000000c7f00000 NTAMS 0x00000000c7f00000 space 1024K, 100% used [0x00000000c7e00000, 0x00000000c7f00000)
AC   0  O    TS     0 PTAMS 0x00000000c8000000 NTAMS 0x00000000c8000000 space 1024K, 100% used [0x00000000c7f00000, 0x00000000c8000000)
AC   0  O    TS     0 PTAMS 0x00000000c8100000 NTAMS 0x00000000c8100000 space 1024K, 100% used [0x00000000c8000000, 0x00000000c8100000)
AC   0  F    TS     0 PTAMS 0x00000000c8100000 NTAMS 0x00000000c8100000 space 1024K,   0% used [0x00000000c8100000, 0x00000000c8200000)
AC   0  F    TS     0 PTAMS 0x00000000c8200000 NTAMS 0x00000000c8200000 space 1024K,   0% used [0x00000000c8200000, 0x00000000c8300000)
AC   0  F    TS     0 PTAMS 0x00000000c8300000 NTAMS 0x00000000c8300000 space 1024K,   0% used [0x00000000c8300000, 0x00000000c8400000)
AC   0  O    TS     0 PTAMS 0x00000000c8500000 NTAMS 0x00000000c8500000 space 1024K, 100% used [0x00000000c8400000, 0x00000000c8500000)
AC   0  O    TS     0 PTAMS 0x00000000c8600000 NTAMS 0x00000000c8600000 space 1024K, 100% used [0x00000000c8500000, 0x00000000c8600000)
AC   0  F    TS     0 PTAMS 0x00000000c8600000 NTAMS 0x00000000c8600000 space 1024K,   0% used [0x00000000c8600000, 0x00000000c8700000)
AC   0  F    TS     0 PTAMS 0x00000000c8700000 NTAMS 0x00000000c8700000 space 1024K,   0% used [0x00000000c8700000, 0x00000000c8800000)
AC   0  F    TS     0 PTAMS 0x00000000c8800000 NTAMS 0x00000000c8800000 space 1024K,   0% used [0x00000000c8800000, 0x00000000c8900000)
AC   0  F    TS     0 PTAMS 0x00000000c8900000 NTAMS 0x00000000c8900000 space 1024K,   0% used [0x00000000c8900000, 0x00000000c8a00000)
AC   0  F    TS     0 PTAMS 0x00000000c8a00000 NTAMS 0x00000000c8a00000 space 1024K,   0% used [0x00000000c8a00000, 0x00000000c8b00000)
AC   0  F    TS     0 PTAMS 0x00000000c8b00000 NTAMS 0x00000000c8b00000 space 1024K,   0% used [0x00000000c8b00000, 0x00000000c8c00000)
AC   0  F    TS     0 PTAMS 0x00000000c8c00000 NTAMS 0x00000000c8c00000 space 1024K,   0% used [0x00000000c8c00000, 0x00000000c8d00000)
AC   0  F    TS     0 PTAMS 0x00000000c8d00000 NTAMS 0x00000000c8d00000 space 1024K,   0% used [0x00000000c8d00000, 0x00000000c8e00000)
AC   0  O    TS     0 PTAMS 0x00000000c8f00000 NTAMS 0x00000000c8f00000 space 1024K, 100% used [0x00000000c8e00000, 0x00000000c8f00000)
AC   0  F    TS     0 PTAMS 0x00000000c8f00000 NTAMS 0x00000000c8f00000 space 1024K,   0% used [0x00000000c8f00000, 0x00000000c9000000)
AC   0  F    TS     0 PTAMS 0x00000000c9000000 NTAMS 0x00000000c9000000 space 1024K,   0% used [0x00000000c9000000, 0x00000000c9100000)
AC   0  F    TS     0 PTAMS 0x00000000c9100000 NTAMS 0x00000000c9100000 space 1024K,   0% used [0x00000000c9100000, 0x00000000c9200000)
AC   0  F    TS     0 PTAMS 0x00000000c9200000 NTAMS 0x00000000c9200000 space 1024K,   0% used [0x00000000c9200000, 0x00000000c9300000)
AC   0  F    TS     0 PTAMS 0x00000000c9300000 NTAMS 0x00000000c9300000 space 1024K,   0% used [0x00000000c9300000, 0x00000000c9400000)
AC   0  F    TS     0 PTAMS 0x00000000c9400000 NTAMS 0x00000000c9400000 space 1024K,   0% used [0x00000000c9400000, 0x00000000c9500000)
AC   0  F    TS     0 PTAMS 0x00000000c9500000 NTAMS 0x00000000c9500000 space 1024K,   0% used [0x00000000c9500000, 0x00000000c9600000)
AC   0  F    TS     0 PTAMS 0x00000000c9600000 NTAMS 0x00000000c9600000 space 1024K,   0% used [0x00000000c9600000, 0x00000000c9700000)
AC   0  F    TS     0 PTAMS 0x00000000c9700000 NTAMS 0x00000000c9700000 space 1024K,   0% used [0x00000000c9700000, 0x00000000c9800000)
AC   0  F    TS     0 PTAMS 0x00000000c9800000 NTAMS 0x00000000c9800000 space 1024K,   0% used [0x00000000c9800000, 0x00000000c9900000)
AC   0  F    TS     0 PTAMS 0x00000000c9900000 NTAMS 0x00000000c9900000 space 1024K,   0% used [0x00000000c9900000, 0x00000000c9a00000)
AC   0  F    TS     0 PTAMS 0x00000000c9a00000 NTAMS 0x00000000c9a00000 space 1024K,   0% used [0x00000000c9a00000, 0x00000000c9b00000)
AC   0  F    TS     0 PTAMS 0x00000000c9b00000 NTAMS 0x00000000c9b00000 space 1024K,   0% used [0x00000000c9b00000, 0x00000000c9c00000)
AC   0  F    TS     0 PTAMS 0x00000000c9c00000 NTAMS 0x00000000c9c00000 space 1024K,   0% used [0x00000000c9c00000, 0x00000000c9d00000)
AC   0  F    TS     0 PTAMS 0x00000000c9d00000 NTAMS 0x00000000c9d00000 space 1024K,   0% used [0x00000000c9d00000, 0x00000000c9e00000)
AC   0  F    TS     0 PTAMS 0x00000000c9e00000 NTAMS 0x00000000c9e00000 space 1024K,   0% used [0x00000000c9e00000, 0x00000000c9f00000)
AC   0  F    TS     0 PTAMS 0x00000000c9f00000 NTAMS 0x00000000c9f00000 space 1024K,   0% used [0x00000000c9f00000, 0x00000000ca000000)
AC   0  F    TS     0 PTAMS 0x00000000ca000000 NTAMS 0x00000000ca000000 space 1024K,   0% used [0x00000000ca000000, 0x00000000ca100000)
AC   0  F    TS     0 PTAMS 0x00000000ca100000 NTAMS 0x00000000ca100000 space 1024K,   0% used [0x00000000ca100000, 0x00000000ca200000)
AC   0  F    TS     0 PTAMS 0x00000000ca200000 NTAMS 0x00000000ca200000 space 1024K,   0% used [0x00000000ca200000, 0x00000000ca300000)
AC   0  F    TS     0 PTAMS 0x00000000ca300000 NTAMS 0x00000000ca300000 space 1024K,   0% used [0x00000000ca300000, 0x00000000ca400000)
AC   0  F    TS     0 PTAMS 0x00000000ca400000 NTAMS 0x00000000ca400000 space 1024K,   0% used [0x00000000ca400000, 0x00000000ca500000)
AC   0  F    TS     0 PTAMS 0x00000000ca500000 NTAMS 0x00000000ca500000 space 1024K,   0% used [0x00000000ca500000, 0x00000000ca600000)
AC   0  F    TS     0 PTAMS 0x00000000ca600000 NTAMS 0x00000000ca600000 space 1024K,   0% used [0x00000000ca600000, 0x00000000ca700000)
AC   0  F    TS     0 PTAMS 0x00000000ca700000 NTAMS 0x00000000ca700000 space 1024K,   0% used [0x00000000ca700000, 0x00000000ca800000)
AC   0  F    TS     0 PTAMS 0x00000000ca800000 NTAMS 0x00000000ca800000 space 1024K,   0% used [0x00000000ca800000, 0x00000000ca900000)
AC   0  F    TS     0 PTAMS 0x00000000ca900000 NTAMS 0x00000000ca900000 space 1024K,   0% used [0x00000000ca900000, 0x00000000caa00000)
AC   0  F    TS     0 PTAMS 0x00000000caa00000 NTAMS 0x00000000caa00000 space 1024K,   0% used [0x00000000caa00000, 0x00000000cab00000)
AC   0  F    TS     0 PTAMS 0x00000000cab00000 NTAMS 0x00000000cab00000 space 1024K,   0% used [0x00000000cab00000, 0x00000000cac00000)
AC   0  F    TS     0 PTAMS 0x00000000cac00000 NTAMS 0x00000000cac00000 space 1024K,   0% used [0x00000000cac00000, 0x00000000cad00000)
AC   0  F    TS     0 PTAMS 0x00000000cad00000 NTAMS 0x00000000cad00000 space 1024K,   0% used [0x00000000cad00000, 0x00000000cae00000)
AC   0  F    TS     0 PTAMS 0x00000000cae00000 NTAMS 0x00000000cae00000 space 1024K,   0% used [0x00000000cae00000, 0x00000000caf00000)
AC   0  F    TS     0 PTAMS 0x00000000caf00000 NTAMS 0x00000000caf00000 space 1024K,   0% used [0x00000000caf00000, 0x00000000cb000000)
AC   0  F    TS     0 PTAMS 0x00000000cb000000 NTAMS 0x00000000cb000000 space 1024K,   0% used [0x00000000cb000000, 0x00000000cb100000)
AC   0  F    TS     0 PTAMS 0x00000000cb100000 NTAMS 0x00000000cb100000 space 1024K,   0% used [0x00000000cb100000, 0x00000000cb200000)
AC   0  F    TS     0 PTAMS 0x00000000cb200000 NTAMS 0x00000000cb200000 space 1024K,   0% used [0x00000000cb200000, 0x00000000cb300000)
AC   0  F    TS     0 PTAMS 0x00000000cb300000 NTAMS 0x00000000cb300000 space 1024K,   0% used [0x00000000cb300000, 0x00000000cb400000)
AC   0  F    TS     0 PTAMS 0x00000000cb400000 NTAMS 0x00000000cb400000 space 1024K,   0% used [0x00000000cb400000, 0x00000000cb500000)
AC   0  F    TS     0 PTAMS 0x00000000cb500000 NTAMS 0x00000000cb500000 space 1024K,   0% used [0x00000000cb500000, 0x00000000cb600000)
AC   0  F    TS     0 PTAMS 0x00000000cb600000 NTAMS 0x00000000cb600000 space 1024K,   0% used [0x00000000cb600000, 0x00000000cb700000)
AC   0  F    TS     0 PTAMS 0x00000000cb700000 NTAMS 0x00000000cb700000 space 1024K,   0% used [0x00000000cb700000, 0x00000000cb800000)
AC   0  F    TS     0 PTAMS 0x00000000cb800000 NTAMS 0x00000000cb800000 space 1024K,   0% used [0x00000000cb800000, 0x00000000cb900000)
AC   0  F    TS     0 PTAMS 0x00000000cb900000 NTAMS 0x00000000cb900000 space 1024K,   0% used [0x00000000cb900000, 0x00000000cba00000)
AC   0  F    TS     0 PTAMS 0x00000000cba00000 NTAMS 0x00000000cba00000 space 1024K,   0% used [0x00000000cba00000, 0x00000000cbb00000)
AC   0  F    TS     0 PTAMS 0x00000000cbb00000 NTAMS 0x00000000cbb00000 space 1024K,   0% used [0x00000000cbb00000, 0x00000000cbc00000)
AC   0  F    TS     0 PTAMS 0x00000000cbc00000 NTAMS 0x00000000cbc00000 space 1024K,   0% used [0x00000000cbc00000, 0x00000000cbd00000)
AC   0  F    TS     0 PTAMS 0x00000000cbd00000 NTAMS 0x00000000cbd00000 space 1024K,   0% used [0x00000000cbd00000, 0x00000000cbe00000)
AC   0  F    TS     0 PTAMS 0x00000000cbe00000 NTAMS 0x00000000cbe00000 space 1024K,   0% used [0x00000000cbe00000, 0x00000000cbf00000)
AC   0  F    TS     0 PTAMS 0x00000000cbf00000 NTAMS 0x00000000cbf00000 space 1024K,   0% used [0x00000000cbf00000, 0x00000000cc000000)
AC   0  F    TS     0 PTAMS 0x00000000cc000000 NTAMS 0x00000000cc000000 space 1024K,   0% used [0x00000000cc000000, 0x00000000cc100000)
AC   0  F    TS     0 PTAMS 0x00000000cc100000 NTAMS 0x00000000cc100000 space 1024K,   0% used [0x00000000cc100000, 0x00000000cc200000)
AC   0  F    TS     0 PTAMS 0x00000000cc200000 NTAMS 0x00000000cc200000 space 1024K,   0% used [0x00000000cc200000, 0x00000000cc300000)
AC   0  F    TS     0 PTAMS 0x00000000cc300000 NTAMS 0x00000000cc300000 space 1024K,   0% used [0x00000000cc300000, 0x00000000cc400000)
AC   0  F    TS     0 PTAMS 0x00000000cc400000 NTAMS 0x00000000cc400000 space 1024K,   0% used [0x00000000cc400000, 0x00000000cc500000)
AC   0  F    TS     0 PTAMS 0x00000000cc500000 NTAMS 0x00000000cc500000 space 1024K,   0% used [0x00000000cc500000, 0x00000000cc600000)
AC   0  F    TS     0 PTAMS 0x00000000cc600000 NTAMS 0x00000000cc600000 space 1024K,   0% used [0x00000000cc600000, 0x00000000cc700000)
AC   0  F    TS     0 PTAMS 0x00000000cc700000 NTAMS 0x00000000cc700000 space 1024K,   0% used [0x00000000cc700000, 0x00000000cc800000)
AC   0  F    TS     0 PTAMS 0x00000000cc800000 NTAMS 0x00000000cc800000 space 1024K,   0% used [0x00000000cc800000, 0x00000000cc900000)
AC   0  F    TS     0 PTAMS 0x00000000cc900000 NTAMS 0x00000000cc900000 space 1024K,   0% used [0x00000000cc900000, 0x00000000cca00000)
AC   0  F    TS     0 PTAMS 0x00000000cca00000 NTAMS 0x00000000cca00000 space 1024K,   0% used [0x00000000cca00000, 0x00000000ccb00000)
AC   0  F    TS     0 PTAMS 0x00000000ccb00000 NTAMS 0x00000000ccb00000 space 1024K,   0% used [0x00000000ccb00000, 0x00000000ccc00000)
AC   0  F    TS     0 PTAMS 0x00000000ccc00000 NTAMS 0x00000000ccc00000 space 1024K,   0% used [0x00000000ccc00000, 0x00000000ccd00000)
AC   0  F    TS     0 PTAMS 0x00000000ccd00000 NTAMS 0x00000000ccd00000 space 1024K,   0% used [0x00000000ccd00000, 0x00000000cce00000)
AC   0  F    TS     0 PTAMS 0x00000000cce00000 NTAMS 0x00000000cce00000 space 1024K,   0% used [0x00000000cce00000, 0x00000000ccf00000)
AC   0  F    TS     0 PTAMS 0x00000000ccf00000 NTAMS 0x00000000ccf00000 space 1024K,   0% used [0x00000000ccf00000, 0x00000000cd000000)
AC   0  F    TS     0 PTAMS 0x00000000cd000000 NTAMS 0x00000000cd000000 space 1024K,   0% used [0x00000000cd000000, 0x00000000cd100000)
AC   0  F    TS     0 PTAMS 0x00000000cd100000 NTAMS 0x00000000cd100000 space 1024K,   0% used [0x00000000cd100000, 0x00000000cd200000)
AC   0  F    TS     0 PTAMS 0x00000000cd200000 NTAMS 0x00000000cd200000 space 1024K,   0% used [0x00000000cd200000, 0x00000000cd300000)
AC   0  F    TS     0 PTAMS 0x00000000cd300000 NTAMS 0x00000000cd300000 space 1024K,   0% used [0x00000000cd300000, 0x00000000cd400000)
AC   0  F    TS     0 PTAMS 0x00000000cd400000 NTAMS 0x00000000cd400000 space 1024K,   0% used [0x00000000cd400000, 0x00000000cd500000)
AC   0  F    TS     0 PTAMS 0x00000000cd500000 NTAMS 0x00000000cd500000 space 1024K,   0% used [0x00000000cd500000, 0x00000000cd600000)
AC   0  F    TS     0 PTAMS 0x00000000cd600000 NTAMS 0x00000000cd600000 space 1024K,   0% used [0x00000000cd600000, 0x00000000cd700000)
AC   0  F    TS     0 PTAMS 0x00000000cd700000 NTAMS 0x00000000cd700000 space 1024K,   0% used [0x00000000cd700000, 0x00000000cd800000)
AC   0  F    TS     0 PTAMS 0x00000000cd800000 NTAMS 0x00000000cd800000 space 1024K,   0% used [0x00000000cd800000, 0x00000000cd900000)
AC   0  F    TS     0 PTAMS 0x00000000cd900000 NTAMS 0x00000000cd900000 space 1024K,   0% used [0x00000000cd900000, 0x00000000cda00000)
AC   0  F    TS     0 PTAMS 0x00000000cda00000 NTAMS 0x00000000cda00000 space 1024K,   0% used [0x00000000cda00000, 0x00000000cdb00000)
AC   0  F    TS     0 PTAMS 0x00000000cdb00000 NTAMS 0x00000000cdb00000 space 1024K,   0% used [0x00000000cdb00000, 0x00000000cdc00000)
AC   0  F    TS     0 PTAMS 0x00000000cdc00000 NTAMS 0x00000000cdc00000 space 1024K,   0% used [0x00000000cdc00000, 0x00000000cdd00000)
AC   0  F    TS     0 PTAMS 0x00000000cdd00000 NTAMS 0x00000000cdd00000 space 1024K,   0% used [0x00000000cdd00000, 0x00000000cde00000)
AC   0  F    TS     0 PTAMS 0x00000000cde00000 NTAMS 0x00000000cde00000 space 1024K,   0% used [0x00000000cde00000, 0x00000000cdf00000)
AC   0  F    TS     0 PTAMS 0x00000000cdf00000 NTAMS 0x00000000cdf00000 space 1024K,   0% used [0x00000000cdf00000, 0x00000000ce000000)
AC   0  F    TS     0 PTAMS 0x00000000ce000000 NTAMS 0x00000000ce000000 space 1024K,   0% used [0x00000000ce000000, 0x00000000ce100000)
AC   0  F    TS     0 PTAMS 0x00000000ce100000 NTAMS 0x00000000ce100000 space 1024K,   0% used [0x00000000ce100000, 0x00000000ce200000)
AC   0  F    TS     0 PTAMS 0x00000000ce200000 NTAMS 0x00000000ce200000 space 1024K,   0% used [0x00000000ce200000, 0x00000000ce300000)
AC   0  F    TS     0 PTAMS 0x00000000ce300000 NTAMS 0x00000000ce300000 space 1024K,   0% used [0x00000000ce300000, 0x00000000ce400000)
AC   0  F    TS     0 PTAMS 0x00000000ce400000 NTAMS 0x00000000ce400000 space 1024K,   0% used [0x00000000ce400000, 0x00000000ce500000)
AC   0  F    TS     0 PTAMS 0x00000000ce500000 NTAMS 0x00000000ce500000 space 1024K,   0% used [0x00000000ce500000, 0x00000000ce600000)
AC   0  F    TS     0 PTAMS 0x00000000ce600000 NTAMS 0x00000000ce600000 space 1024K,   0% used [0x00000000ce600000, 0x00000000ce700000)
AC   0  F    TS     0 PTAMS 0x00000000ce700000 NTAMS 0x00000000ce700000 space 1024K,   0% used [0x00000000ce700000, 0x00000000ce800000)
AC   0  F    TS     0 PTAMS 0x00000000ce800000 NTAMS 0x00000000ce800000 space 1024K,   0% used [0x00000000ce800000, 0x00000000ce900000)
AC   0  F    TS     0 PTAMS 0x00000000ce900000 NTAMS 0x00000000ce900000 space 1024K,   0% used [0x00000000ce900000, 0x00000000cea00000)
AC   0  F    TS     0 PTAMS 0x00000000cea00000 NTAMS 0x00000000cea00000 space 1024K,   0% used [0x00000000cea00000, 0x00000000ceb00000)
AC   0  F    TS     0 PTAMS 0x00000000ceb00000 NTAMS 0x00000000ceb00000 space 1024K,   0% used [0x00000000ceb00000, 0x00000000cec00000)
AC   0  F    TS     0 PTAMS 0x00000000cec00000 NTAMS 0x00000000cec00000 space 1024K,   0% used [0x00000000cec00000, 0x00000000ced00000)
AC   0  F    TS     0 PTAMS 0x00000000ced00000 NTAMS 0x00000000ced00000 space 1024K,   0% used [0x00000000ced00000, 0x00000000cee00000)
AC   0  F    TS     0 PTAMS 0x00000000cee00000 NTAMS 0x00000000cee00000 space 1024K,   0% used [0x00000000cee00000, 0x00000000cef00000)
AC   0  F    TS     0 PTAMS 0x00000000cef00000 NTAMS 0x00000000cef00000 space 1024K,   0% used [0x00000000cef00000, 0x00000000cf000000)
AC   0  F    TS     0 PTAMS 0x00000000cf000000 NTAMS 0x00000000cf000000 space 1024K,   0% used [0x00000000cf000000, 0x00000000cf100000)
AC   0  F    TS     0 PTAMS 0x00000000cf100000 NTAMS 0x00000000cf100000 space 1024K,   0% used [0x00000000cf100000, 0x00000000cf200000)
AC   0  F    TS     0 PTAMS 0x00000000cf200000 NTAMS 0x00000000cf200000 space 1024K,   0% used [0x00000000cf200000, 0x00000000cf300000)
AC   0  F    TS     0 PTAMS 0x00000000cf300000 NTAMS 0x00000000cf300000 space 1024K,   0% used [0x00000000cf300000, 0x00000000cf400000)
AC   0  F    TS     0 PTAMS 0x00000000cf400000 NTAMS 0x00000000cf400000 space 1024K,   0% used [0x00000000cf400000, 0x00000000cf500000)
AC   0  F    TS     0 PTAMS 0x00000000cf500000 NTAMS 0x00000000cf500000 space 1024K,   0% used [0x00000000cf500000, 0x00000000cf600000)
AC   0  F    TS     0 PTAMS 0x00000000cf600000 NTAMS 0x00000000cf600000 space 1024K,   0% used [0x00000000cf600000, 0x00000000cf700000)
AC   0  F    TS     0 PTAMS 0x00000000cf700000 NTAMS 0x00000000cf700000 space 1024K,   0% used [0x00000000cf700000, 0x00000000cf800000)
AC   0  F    TS     0 PTAMS 0x00000000cf800000 NTAMS 0x00000000cf800000 space 1024K,   0% used [0x00000000cf800000, 0x00000000cf900000)
AC   0  F    TS     0 PTAMS 0x00000000cf900000 NTAMS 0x00000000cf900000 space 1024K,   0% used [0x00000000cf900000, 0x00000000cfa00000)
AC   0  F    TS     0 PTAMS 0x00000000cfa00000 NTAMS 0x00000000cfa00000 space 1024K,   0% used [0x00000000cfa00000, 0x00000000cfb00000)
AC   0  F    TS     0 PTAMS 0x00000000cfb00000 NTAMS 0x00000000cfb00000 space 1024K,   0% used [0x00000000cfb00000, 0x00000000cfc00000)
AC   0  F    TS     0 PTAMS 0x00000000cfc00000 NTAMS 0x00000000cfc00000 space 1024K,   0% used [0x00000000cfc00000, 0x00000000cfd00000)
AC   0  F    TS     0 PTAMS 0x00000000cfd00000 NTAMS 0x00000000cfd00000 space 1024K,   0% used [0x00000000cfd00000, 0x00000000cfe00000)
AC   0  F    TS     0 PTAMS 0x00000000cfe00000 NTAMS 0x00000000cfe00000 space 1024K,   0% used [0x00000000cfe00000, 0x00000000cff00000)
AC   0  F    TS     0 PTAMS 0x00000000cff00000 NTAMS 0x00000000cff00000 space 1024K,   0% used [0x00000000cff00000, 0x00000000d0000000)
AC   0  F    TS     0 PTAMS 0x00000000d0000000 NTAMS 0x00000000d0000000 space 1024K,   0% used [0x00000000d0000000, 0x00000000d0100000)
AC   0  F    TS     0 PTAMS 0x00000000d0100000 NTAMS 0x00000000d0100000 space 1024K,   0% used [0x00000000d0100000, 0x00000000d0200000)
AC   0  F    TS     0 PTAMS 0x00000000d0200000 NTAMS 0x00000000d0200000 space 1024K,   0% used [0x00000000d0200000, 0x00000000d0300000)
AC   0  F    TS     0 PTAMS 0x00000000d0300000 NTAMS 0x00000000d0300000 space 1024K,   0% used [0x00000000d0300000, 0x00000000d0400000)
AC   0  F    TS     0 PTAMS 0x00000000d0400000 NTAMS 0x00000000d0400000 space 1024K,   0% used [0x00000000d0400000, 0x00000000d0500000)
AC   0  F    TS     0 PTAMS 0x00000000d0500000 NTAMS 0x00000000d0500000 space 1024K,   0% used [0x00000000d0500000, 0x00000000d0600000)
AC   0  F    TS     0 PTAMS 0x00000000d0600000 NTAMS 0x00000000d0600000 space 1024K,   0% used [0x00000000d0600000, 0x00000000d0700000)
AC   0  F    TS     0 PTAMS 0x00000000d0700000 NTAMS 0x00000000d0700000 space 1024K,   0% used [0x00000000d0700000, 0x00000000d0800000)
AC   0  F    TS     0 PTAMS 0x00000000d0800000 NTAMS 0x00000000d0800000 space 1024K,   0% used [0x00000000d0800000, 0x00000000d0900000)
AC   0  F    TS     0 PTAMS 0x00000000d0900000 NTAMS 0x00000000d0900000 space 1024K,   0% used [0x00000000d0900000, 0x00000000d0a00000)
AC   0  F    TS     0 PTAMS 0x00000000d0a00000 NTAMS 0x00000000d0a00000 space 1024K,   0% used [0x00000000d0a00000, 0x00000000d0b00000)
AC   0  F    TS     0 PTAMS 0x00000000d0b00000 NTAMS 0x00000000d0b00000 space 1024K,   0% used [0x00000000d0b00000, 0x00000000d0c00000)
AC   0  F    TS     0 PTAMS 0x00000000d0c00000 NTAMS 0x00000000d0c00000 space 1024K,   0% used [0x00000000d0c00000, 0x00000000d0d00000)
AC   0  F    TS     0 PTAMS 0x00000000d0d00000 NTAMS 0x00000000d0d00000 space 1024K,   0% used [0x00000000d0d00000, 0x00000000d0e00000)
AC   0  F    TS     0 PTAMS 0x00000000d0e00000 NTAMS 0x00000000d0e00000 space 1024K,   0% used [0x00000000d0e00000, 0x00000000d0f00000)
AC   0  F    TS     0 PTAMS 0x00000000d0f00000 NTAMS 0x00000000d0f00000 space 1024K,   0% used [0x00000000d0f00000, 0x00000000d1000000)
AC   0  F    TS     0 PTAMS 0x00000000d1000000 NTAMS 0x00000000d1000000 space 1024K,   0% used [0x00000000d1000000, 0x00000000d1100000)
AC   0  F    TS     0 PTAMS 0x00000000d1100000 NTAMS 0x00000000d1100000 space 1024K,   0% used [0x00000000d1100000, 0x00000000d1200000)
AC   0  F    TS     0 PTAMS 0x00000000d1200000 NTAMS 0x00000000d1200000 space 1024K,   0% used [0x00000000d1200000, 0x00000000d1300000)
AC   0  F    TS     0 PTAMS 0x00000000d1300000 NTAMS 0x00000000d1300000 space 1024K,   0% used [0x00000000d1300000, 0x00000000d1400000)
AC   0  F    TS     0 PTAMS 0x00000000d1400000 NTAMS 0x00000000d1400000 space 1024K,   0% used [0x00000000d1400000, 0x00000000d1500000)
AC   0  F    TS     0 PTAMS 0x00000000d1500000 NTAMS 0x00000000d1500000 space 1024K,   0% used [0x00000000d1500000, 0x00000000d1600000)
AC   0  F    TS     0 PTAMS 0x00000000d1600000 NTAMS 0x00000000d1600000 space 1024K,   0% used [0x00000000d1600000, 0x00000000d1700000)
AC   0  F    TS     0 PTAMS 0x00000000d1700000 NTAMS 0x00000000d1700000 space 1024K,   0% used [0x00000000d1700000, 0x00000000d1800000)
AC   0  F    TS     0 PTAMS 0x00000000d1800000 NTAMS 0x00000000d1800000 space 1024K,   0% used [0x00000000d1800000, 0x00000000d1900000)
AC   0  F    TS     0 PTAMS 0x00000000d1900000 NTAMS 0x00000000d1900000 space 1024K,   0% used [0x00000000d1900000, 0x00000000d1a00000)
AC   0  F    TS     0 PTAMS 0x00000000d1a00000 NTAMS 0x00000000d1a00000 space 1024K,   0% used [0x00000000d1a00000, 0x00000000d1b00000)
AC   0  F    TS     0 PTAMS 0x00000000d1b00000 NTAMS 0x00000000d1b00000 space 1024K,   0% used [0x00000000d1b00000, 0x00000000d1c00000)
AC   0  F    TS     0 PTAMS 0x00000000d1c00000 NTAMS 0x00000000d1c00000 space 1024K,   0% used [0x00000000d1c00000, 0x00000000d1d00000)
AC   0  F    TS     0 PTAMS 0x00000000d1d00000 NTAMS 0x00000000d1d00000 space 1024K,   0% used [0x00000000d1d00000, 0x00000000d1e00000)
AC   0  F    TS     0 PTAMS 0x00000000d1e00000 NTAMS 0x00000000d1e00000 space 1024K,   0% used [0x00000000d1e00000, 0x00000000d1f00000)
AC   0  F    TS     0 PTAMS 0x00000000d1f00000 NTAMS 0x00000000d1f00000 space 1024K,   0% used [0x00000000d1f00000, 0x00000000d2000000)
AC   0  F    TS     0 PTAMS 0x00000000d2000000 NTAMS 0x00000000d2000000 space 1024K,   0% used [0x00000000d2000000, 0x00000000d2100000)
AC   0  F    TS     0 PTAMS 0x00000000d2100000 NTAMS 0x00000000d2100000 space 1024K,   0% used [0x00000000d2100000, 0x00000000d2200000)
AC   0  F    TS     0 PTAMS 0x00000000d2200000 NTAMS 0x00000000d2200000 space 1024K,   0% used [0x00000000d2200000, 0x00000000d2300000)
AC   0  F    TS     0 PTAMS 0x00000000d2300000 NTAMS 0x00000000d2300000 space 1024K,   0% used [0x00000000d2300000, 0x00000000d2400000)
AC   0  F    TS     0 PTAMS 0x00000000d2400000 NTAMS 0x00000000d2400000 space 1024K,   0% used [0x00000000d2400000, 0x00000000d2500000)
AC   0  F    TS     0 PTAMS 0x00000000d2500000 NTAMS 0x00000000d2500000 space 1024K,   0% used [0x00000000d2500000, 0x00000000d2600000)
AC   0  F    TS     0 PTAMS 0x00000000d2600000 NTAMS 0x00000000d2600000 space 1024K,   0% used [0x00000000d2600000, 0x00000000d2700000)
AC   0  F    TS     0 PTAMS 0x00000000d2700000 NTAMS 0x00000000d2700000 space 1024K,   0% used [0x00000000d2700000, 0x00000000d2800000)
AC   0  F    TS     0 PTAMS 0x00000000d2800000 NTAMS 0x00000000d2800000 space 1024K,   0% used [0x00000000d2800000, 0x00000000d2900000)
AC   0  F    TS     0 PTAMS 0x00000000d2900000 NTAMS 0x00000000d2900000 space 1024K,   0% used [0x00000000d2900000, 0x00000000d2a00000)
AC   0  F    TS     0 PTAMS 0x00000000d2a00000 NTAMS 0x00000000d2a00000 space 1024K,   0% used [0x00000000d2a00000, 0x00000000d2b00000)
AC   0  F    TS     0 PTAMS 0x00000000d2b00000 NTAMS 0x00000000d2b00000 space 1024K,   0% used [0x00000000d2b00000, 0x00000000d2c00000)
AC   0  F    TS     0 PTAMS 0x00000000d2c00000 NTAMS 0x00000000d2c00000 space 1024K,   0% used [0x00000000d2c00000, 0x00000000d2d00000)
AC   0  F    TS     0 PTAMS 0x00000000d2d00000 NTAMS 0x00000000d2d00000 space 1024K,   0% used [0x00000000d2d00000, 0x00000000d2e00000)
AC   0  F    TS     0 PTAMS 0x00000000d2e00000 NTAMS 0x00000000d2e00000 space 1024K,   0% used [0x00000000d2e00000, 0x00000000d2f00000)
AC   0  F    TS     0 PTAMS 0x00000000d2f00000 NTAMS 0x00000000d2f00000 space 1024K,   0% used [0x00000000d2f00000, 0x00000000d3000000)
AC   0  F    TS     0 PTAMS 0x00000000d3000000 NTAMS 0x00000000d3000000 space 1024K,   0% used [0x00000000d3000000, 0x00000000d3100000)
AC   0  F    TS     0 PTAMS 0x00000000d3100000 NTAMS 0x00000000d3100000 space 1024K,   0% used [0x00000000d3100000, 0x00000000d3200000)
AC   0  F    TS     0 PTAMS 0x00000000d3200000 NTAMS 0x00000000d3200000 space 1024K,   0% used [0x00000000d3200000, 0x00000000d3300000)
AC   0  F    TS     0 PTAMS 0x00000000d3300000 NTAMS 0x00000000d3300000 space 1024K,   0% used [0x00000000d3300000, 0x00000000d3400000)
AC   0  F    TS     0 PTAMS 0x00000000d3400000 NTAMS 0x00000000d3400000 space 1024K,   0% used [0x00000000d3400000, 0x00000000d3500000)
AC   0  F    TS     0 PTAMS 0x00000000d3500000 NTAMS 0x00000000d3500000 space 1024K,   0% used [0x00000000d3500000, 0x00000000d3600000)
AC   0  F    TS     0 PTAMS 0x00000000d3600000 NTAMS 0x00000000d3600000 space 1024K,   0% used [0x00000000d3600000, 0x00000000d3700000)
AC   0  F    TS     0 PTAMS 0x00000000d3700000 NTAMS 0x00000000d3700000 space 1024K,   0% used [0x00000000d3700000, 0x00000000d3800000)
AC   0  F    TS     0 PTAMS 0x00000000d3800000 NTAMS 0x00000000d3800000 space 1024K,   0% used [0x00000000d3800000, 0x00000000d3900000)
AC   0  F    TS     0 PTAMS 0x00000000d3900000 NTAMS 0x00000000d3900000 space 1024K,   0% used [0x00000000d3900000, 0x00000000d3a00000)
AC   0  F    TS     0 PTAMS 0x00000000d3a00000 NTAMS 0x00000000d3a00000 space 1024K,   0% used [0x00000000d3a00000, 0x00000000d3b00000)
AC   0  F    TS     0 PTAMS 0x00000000d3b00000 NTAMS 0x00000000d3b00000 space 1024K,   0% used [0x00000000d3b00000, 0x00000000d3c00000)
AC   0  F    TS     0 PTAMS 0x00000000d3c00000 NTAMS 0x00000000d3c00000 space 1024K,   0% used [0x00000000d3c00000, 0x00000000d3d00000)
AC   0  F    TS     0 PTAMS 0x00000000d3d00000 NTAMS 0x00000000d3d00000 space 1024K,   0% used [0x00000000d3d00000, 0x00000000d3e00000)
AC   0  F    TS     0 PTAMS 0x00000000d3e00000 NTAMS 0x00000000d3e00000 space 1024K,   0% used [0x00000000d3e00000, 0x00000000d3f00000)
AC   0  F    TS     0 PTAMS 0x00000000d3f00000 NTAMS 0x00000000d3f00000 space 1024K,   0% used [0x00000000d3f00000, 0x00000000d4000000)
AC   0  F    TS     0 PTAMS 0x00000000d4000000 NTAMS 0x00000000d4000000 space 1024K,   0% used [0x00000000d4000000, 0x00000000d4100000)
AC   0  F    TS     0 PTAMS 0x00000000d4100000 NTAMS 0x00000000d4100000 space 1024K,   0% used [0x00000000d4100000, 0x00000000d4200000)
AC   0  F    TS     0 PTAMS 0x00000000d4200000 NTAMS 0x00000000d4200000 space 1024K,   0% used [0x00000000d4200000, 0x00000000d4300000)
AC   0  F    TS     0 PTAMS 0x00000000d4300000 NTAMS 0x00000000d4300000 space 1024K,   0% used [0x00000000d4300000, 0x00000000d4400000)
AC   0  F    TS     0 PTAMS 0x00000000d4400000 NTAMS 0x00000000d4400000 space 1024K,   0% used [0x00000000d4400000, 0x00000000d4500000)
AC   0  F    TS     0 PTAMS 0x00000000d4500000 NTAMS 0x00000000d4500000 space 1024K,   0% used [0x00000000d4500000, 0x00000000d4600000)
AC   0  F    TS     0 PTAMS 0x00000000d4600000 NTAMS 0x00000000d4600000 space 1024K,   0% used [0x00000000d4600000, 0x00000000d4700000)
AC   0  F    TS     0 PTAMS 0x00000000d4700000 NTAMS 0x00000000d4700000 space 1024K,   0% used [0x00000000d4700000, 0x00000000d4800000)
AC   0  F    TS     0 PTAMS 0x00000000d4800000 NTAMS 0x00000000d4800000 space 1024K,   0% used [0x00000000d4800000, 0x00000000d4900000)
AC   0  F    TS     0 PTAMS 0x00000000d4900000 NTAMS 0x00000000d4900000 space 1024K,   0% used [0x00000000d4900000, 0x00000000d4a00000)
AC   0  F    TS     0 PTAMS 0x00000000d4a00000 NTAMS 0x00000000d4a00000 space 1024K,   0% used [0x00000000d4a00000, 0x00000000d4b00000)
AC   0  F    TS     0 PTAMS 0x00000000d4b00000 NTAMS 0x00000000d4b00000 space 1024K,   0% used [0x00000000d4b00000, 0x00000000d4c00000)
AC   0  F    TS     0 PTAMS 0x00000000d4c00000 NTAMS 0x00000000d4c00000 space 1024K,   0% used [0x00000000d4c00000, 0x00000000d4d00000)
AC   0  F    TS     0 PTAMS 0x00000000d4d00000 NTAMS 0x00000000d4d00000 space 1024K,   0% used [0x00000000d4d00000, 0x00000000d4e00000)
AC   0  F    TS     0 PTAMS 0x00000000d4e00000 NTAMS 0x00000000d4e00000 space 1024K,   0% used [0x00000000d4e00000, 0x00000000d4f00000)
AC   0  F    TS     0 PTAMS 0x00000000d4f00000 NTAMS 0x00000000d4f00000 space 1024K,   0% used [0x00000000d4f00000, 0x00000000d5000000)
AC   0  F    TS     0 PTAMS 0x00000000d5000000 NTAMS 0x00000000d5000000 space 1024K,   0% used [0x00000000d5000000, 0x00000000d5100000)
AC   0  F    TS     0 PTAMS 0x00000000d5100000 NTAMS 0x00000000d5100000 space 1024K,   0% used [0x00000000d5100000, 0x00000000d5200000)
AC   0  F    TS     0 PTAMS 0x00000000d5200000 NTAMS 0x00000000d5200000 space 1024K,   0% used [0x00000000d5200000, 0x00000000d5300000)
AC   0  F    TS     0 PTAMS 0x00000000d5300000 NTAMS 0x00000000d5300000 space 1024K,   0% used [0x00000000d5300000, 0x00000000d5400000)
AC   0  F    TS     0 PTAMS 0x00000000d5400000 NTAMS 0x00000000d5400000 space 1024K,   0% used [0x00000000d5400000, 0x00000000d5500000)
AC   0  F    TS     0 PTAMS 0x00000000d5500000 NTAMS 0x00000000d5500000 space 1024K,   0% used [0x00000000d5500000, 0x00000000d5600000)
AC   0  F    TS     0 PTAMS 0x00000000d5600000 NTAMS 0x00000000d5600000 space 1024K,   0% used [0x00000000d5600000, 0x00000000d5700000)
AC   0  F    TS     0 PTAMS 0x00000000d5700000 NTAMS 0x00000000d5700000 space 1024K,   0% used [0x00000000d5700000, 0x00000000d5800000)
AC   0  F    TS     0 PTAMS 0x00000000d5800000 NTAMS 0x00000000d5800000 space 1024K,   0% used [0x00000000d5800000, 0x00000000d5900000)
AC   0  F    TS     0 PTAMS 0x00000000d5900000 NTAMS 0x00000000d5900000 space 1024K,   0% used [0x00000000d5900000, 0x00000000d5a00000)
AC   0  F    TS     0 PTAMS 0x00000000d5a00000 NTAMS 0x00000000d5a00000 space 1024K,   0% used [0x00000000d5a00000, 0x00000000d5b00000)
AC   0  F    TS     0 PTAMS 0x00000000d5b00000 NTAMS 0x00000000d5b00000 space 1024K,   0% used [0x00000000d5b00000, 0x00000000d5c00000)
AC   0  F    TS     0 PTAMS 0x00000000d5c00000 NTAMS 0x00000000d5c00000 space 1024K,   0% used [0x00000000d5c00000, 0x00000000d5d00000)
AC   0  F    TS     0 PTAMS 0x00000000d5d00000 NTAMS 0x00000000d5d00000 space 1024K,   0% used [0x00000000d5d00000, 0x00000000d5e00000)
AC   0  F    TS     0 PTAMS 0x00000000d5e00000 NTAMS 0x00000000d5e00000 space 1024K,   0% used [0x00000000d5e00000, 0x00000000d5f00000)
AC   0  F    TS     0 PTAMS 0x00000000d5f00000 NTAMS 0x00000000d5f00000 space 1024K,   0% used [0x00000000d5f00000, 0x00000000d6000000)
AC   0  F    TS     0 PTAMS 0x00000000d6000000 NTAMS 0x00000000d6000000 space 1024K,   0% used [0x00000000d6000000, 0x00000000d6100000)
AC   0  F    TS     0 PTAMS 0x00000000d6100000 NTAMS 0x00000000d6100000 space 1024K,   0% used [0x00000000d6100000, 0x00000000d6200000)
AC   0  F    TS     0 PTAMS 0x00000000d6200000 NTAMS 0x00000000d6200000 space 1024K,   0% used [0x00000000d6200000, 0x00000000d6300000)
AC   0  F    TS     0 PTAMS 0x00000000d6300000 NTAMS 0x00000000d6300000 space 1024K,   0% used [0x00000000d6300000, 0x00000000d6400000)
AC   0  F    TS     0 PTAMS 0x00000000d6400000 NTAMS 0x00000000d6400000 space 1024K,   0% used [0x00000000d6400000, 0x00000000d6500000)
AC   0  F    TS     0 PTAMS 0x00000000d6500000 NTAMS 0x00000000d6500000 space 1024K,   0% used [0x00000000d6500000, 0x00000000d6600000)
AC   0  F    TS     0 PTAMS 0x00000000d6600000 NTAMS 0x00000000d6600000 space 1024K,   0% used [0x00000000d6600000, 0x00000000d6700000)
AC   0  F    TS     0 PTAMS 0x00000000d6700000 NTAMS 0x00000000d6700000 space 1024K,   0% used [0x00000000d6700000, 0x00000000d6800000)
AC   0  F    TS     0 PTAMS 0x00000000d6800000 NTAMS 0x00000000d6800000 space 1024K,   0% used [0x00000000d6800000, 0x00000000d6900000)
AC   0  F    TS     0 PTAMS 0x00000000d6900000 NTAMS 0x00000000d6900000 space 1024K,   0% used [0x00000000d6900000, 0x00000000d6a00000)
AC   0  F    TS     0 PTAMS 0x00000000d6a00000 NTAMS 0x00000000d6a00000 space 1024K,   0% used [0x00000000d6a00000, 0x00000000d6b00000)
AC   0  F    TS     0 PTAMS 0x00000000d6b00000 NTAMS 0x00000000d6b00000 space 1024K,   0% used [0x00000000d6b00000, 0x00000000d6c00000)
AC   0  F    TS     0 PTAMS 0x00000000d6c00000 NTAMS 0x00000000d6c00000 space 1024K,   0% used [0x00000000d6c00000, 0x00000000d6d00000)
AC   0  F    TS     0 PTAMS 0x00000000d6d00000 NTAMS 0x00000000d6d00000 space 1024K,   0% used [0x00000000d6d00000, 0x00000000d6e00000)
AC   0  F    TS     0 PTAMS 0x00000000d6e00000 NTAMS 0x00000000d6e00000 space 1024K,   0% used [0x00000000d6e00000, 0x00000000d6f00000)
AC   0  F    TS     0 PTAMS 0x00000000d6f00000 NTAMS 0x00000000d6f00000 space 1024K,   0% used [0x00000000d6f00000, 0x00000000d7000000)
AC   0  F    TS     0 PTAMS 0x00000000d7000000 NTAMS 0x00000000d7000000 space 1024K,   0% used [0x00000000d7000000, 0x00000000d7100000)
AC   0  F    TS     0 PTAMS 0x00000000d7100000 NTAMS 0x00000000d7100000 space 1024K,   0% used [0x00000000d7100000, 0x00000000d7200000)
AC   0  F    TS     0 PTAMS 0x00000000d7200000 NTAMS 0x00000000d7200000 space 1024K,   0% used [0x00000000d7200000, 0x00000000d7300000)
AC   0  F    TS     0 PTAMS 0x00000000d7300000 NTAMS 0x00000000d7300000 space 1024K,   0% used [0x00000000d7300000, 0x00000000d7400000)
AC   0  F    TS     0 PTAMS 0x00000000d7400000 NTAMS 0x00000000d7400000 space 1024K,   0% used [0x00000000d7400000, 0x00000000d7500000)
AC   0  F    TS     0 PTAMS 0x00000000d7500000 NTAMS 0x00000000d7500000 space 1024K,   0% used [0x00000000d7500000, 0x00000000d7600000)
AC   0  F    TS     0 PTAMS 0x00000000d7600000 NTAMS 0x00000000d7600000 space 1024K,   0% used [0x00000000d7600000, 0x00000000d7700000)
AC   0  F    TS     0 PTAMS 0x00000000d7700000 NTAMS 0x00000000d7700000 space 1024K,   0% used [0x00000000d7700000, 0x00000000d7800000)
AC   0  F    TS     0 PTAMS 0x00000000d7800000 NTAMS 0x00000000d7800000 space 1024K,   0% used [0x00000000d7800000, 0x00000000d7900000)
AC   0  F    TS     0 PTAMS 0x00000000d7900000 NTAMS 0x00000000d7900000 space 1024K,   0% used [0x00000000d7900000, 0x00000000d7a00000)
AC   0  F    TS     0 PTAMS 0x00000000d7a00000 NTAMS 0x00000000d7a00000 space 1024K,   0% used [0x00000000d7a00000, 0x00000000d7b00000)
AC   0  F    TS     0 PTAMS 0x00000000d7b00000 NTAMS 0x00000000d7b00000 space 1024K,   0% used [0x00000000d7b00000, 0x00000000d7c00000)
AC   0  F    TS     0 PTAMS 0x00000000d7c00000 NTAMS 0x00000000d7c00000 space 1024K,   0% used [0x00000000d7c00000, 0x00000000d7d00000)
AC   0  F    TS     0 PTAMS 0x00000000d7d00000 NTAMS 0x00000000d7d00000 space 1024K,   0% used [0x00000000d7d00000, 0x00000000d7e00000)
AC   0  F    TS     0 PTAMS 0x00000000d7e00000 NTAMS 0x00000000d7e00000 space 1024K,   0% used [0x00000000d7e00000, 0x00000000d7f00000)
AC   0  F    TS     0 PTAMS 0x00000000d7f00000 NTAMS 0x00000000d7f00000 space 1024K,   0% used [0x00000000d7f00000, 0x00000000d8000000)
AC   0  F    TS     0 PTAMS 0x00000000d8000000 NTAMS 0x00000000d8000000 space 1024K,   0% used [0x00000000d8000000, 0x00000000d8100000)
AC   0  F    TS     0 PTAMS 0x00000000d8100000 NTAMS 0x00000000d8100000 space 1024K,   0% used [0x00000000d8100000, 0x00000000d8200000)
AC   0  F    TS     0 PTAMS 0x00000000d8200000 NTAMS 0x00000000d8200000 space 1024K,   0% used [0x00000000d8200000, 0x00000000d8300000)
AC   0  F    TS     0 PTAMS 0x00000000d8300000 NTAMS 0x00000000d8300000 space 1024K,   0% used [0x00000000d8300000, 0x00000000d8400000)
AC   0  F    TS     0 PTAMS 0x00000000d8400000 NTAMS 0x00000000d8400000 space 1024K,   0% used [0x00000000d8400000, 0x00000000d8500000)
AC   0  F    TS     0 PTAMS 0x00000000d8500000 NTAMS 0x00000000d8500000 space 1024K,   0% used [0x00000000d8500000, 0x00000000d8600000)
AC   0  F    TS     0 PTAMS 0x00000000d8600000 NTAMS 0x00000000d8600000 space 1024K,   0% used [0x00000000d8600000, 0x00000000d8700000)
AC   0  F    TS     0 PTAMS 0x00000000d8700000 NTAMS 0x00000000d8700000 space 1024K,   0% used [0x00000000d8700000, 0x00000000d8800000)
AC   0  F    TS     0 PTAMS 0x00000000d8800000 NTAMS 0x00000000d8800000 space 1024K,   0% used [0x00000000d8800000, 0x00000000d8900000)
AC   0  F    TS     0 PTAMS 0x00000000d8900000 NTAMS 0x00000000d8900000 space 1024K,   0% used [0x00000000d8900000, 0x00000000d8a00000)
AC   0  F    TS     0 PTAMS 0x00000000d8a00000 NTAMS 0x00000000d8a00000 space 1024K,   0% used [0x00000000d8a00000, 0x00000000d8b00000)
AC   0  F    TS     0 PTAMS 0x00000000d8b00000 NTAMS 0x00000000d8b00000 space 1024K,   0% used [0x00000000d8b00000, 0x00000000d8c00000)
AC   0  F    TS     0 PTAMS 0x00000000d8c00000 NTAMS 0x00000000d8c00000 space 1024K,   0% used [0x00000000d8c00000, 0x00000000d8d00000)
AC   0  F    TS     0 PTAMS 0x00000000d8d00000 NTAMS 0x00000000d8d00000 space 1024K,   0% used [0x00000000d8d00000, 0x00000000d8e00000)
AC   0  F    TS     0 PTAMS 0x00000000d8e00000 NTAMS 0x00000000d8e00000 space 1024K,   0% used [0x00000000d8e00000, 0x00000000d8f00000)
AC   0  F    TS     0 PTAMS 0x00000000d8f00000 NTAMS 0x00000000d8f00000 space 1024K,   0% used [0x00000000d8f00000, 0x00000000d9000000)
AC   0  F    TS     0 PTAMS 0x00000000d9000000 NTAMS 0x00000000d9000000 space 1024K,   0% used [0x00000000d9000000, 0x00000000d9100000)
AC   0  F    TS     0 PTAMS 0x00000000d9100000 NTAMS 0x00000000d9100000 space 1024K,   0% used [0x00000000d9100000, 0x00000000d9200000)
AC   0  F    TS     0 PTAMS 0x00000000d9200000 NTAMS 0x00000000d9200000 space 1024K,   0% used [0x00000000d9200000, 0x00000000d9300000)
AC   0  F    TS     0 PTAMS 0x00000000d9300000 NTAMS 0x00000000d9300000 space 1024K,   0% used [0x00000000d9300000, 0x00000000d9400000)
AC   0  F    TS     0 PTAMS 0x00000000d9400000 NTAMS 0x00000000d9400000 space 1024K,   0% used [0x00000000d9400000, 0x00000000d9500000)
AC   0  F    TS     0 PTAMS 0x00000000d9500000 NTAMS 0x00000000d9500000 space 1024K,   0% used [0x00000000d9500000, 0x00000000d9600000)
AC   0  F    TS     0 PTAMS 0x00000000d9600000 NTAMS 0x00000000d9600000 space 1024K,   0% used [0x00000000d9600000, 0x00000000d9700000)
AC   0  F    TS     0 PTAMS 0x00000000d9700000 NTAMS 0x00000000d9700000 space 1024K,   0% used [0x00000000d9700000, 0x00000000d9800000)
AC   0  F    TS     0 PTAMS 0x00000000d9800000 NTAMS 0x00000000d9800000 space 1024K,   0% used [0x00000000d9800000, 0x00000000d9900000)
AC   0  F    TS     0 PTAMS 0x00000000d9900000 NTAMS 0x00000000d9900000 space 1024K,   0% used [0x00000000d9900000, 0x00000000d9a00000)
AC   0  F    TS     0 PTAMS 0x00000000d9a00000 NTAMS 0x00000000d9a00000 space 1024K,   0% used [0x00000000d9a00000, 0x00000000d9b00000)
AC   0  F    TS     0 PTAMS 0x00000000d9b00000 NTAMS 0x00000000d9b00000 space 1024K,   0% used [0x00000000d9b00000, 0x00000000d9c00000)
AC   0  F    TS     0 PTAMS 0x00000000d9c00000 NTAMS 0x00000000d9c00000 space 1024K,   0% used [0x00000000d9c00000, 0x00000000d9d00000)
AC   0  F    TS     0 PTAMS 0x00000000d9d00000 NTAMS 0x00000000d9d00000 space 1024K,   0% used [0x00000000d9d00000, 0x00000000d9e00000)
AC   0  F    TS     0 PTAMS 0x00000000d9e00000 NTAMS 0x00000000d9e00000 space 1024K,   0% used [0x00000000d9e00000, 0x00000000d9f00000)
AC   0  F    TS     0 PTAMS 0x00000000d9f00000 NTAMS 0x00000000d9f00000 space 1024K,   0% used [0x00000000d9f00000, 0x00000000da000000)
AC   0  F    TS     0 PTAMS 0x00000000da000000 NTAMS 0x00000000da000000 space 1024K,   0% used [0x00000000da000000, 0x00000000da100000)
AC   0  F    TS     0 PTAMS 0x00000000da100000 NTAMS 0x00000000da100000 space 1024K,   0% used [0x00000000da100000, 0x00000000da200000)
AC   0  F    TS     0 PTAMS 0x00000000da200000 NTAMS 0x00000000da200000 space 1024K,   0% used [0x00000000da200000, 0x00000000da300000)
AC   0  F    TS     0 PTAMS 0x00000000da300000 NTAMS 0x00000000da300000 space 1024K,   0% used [0x00000000da300000, 0x00000000da400000)
AC   0  S CS TS     3 PTAMS 0x00000000da400000 NTAMS 0x00000000da400000 space 1024K, 100% used [0x00000000da400000, 0x00000000da500000)
AC   0  S CS TS     3 PTAMS 0x00000000da500000 NTAMS 0x00000000da500000 space 1024K, 100% used [0x00000000da500000, 0x00000000da600000)
AC   0  S CS TS     3 PTAMS 0x00000000da600000 NTAMS 0x00000000da600000 space 1024K, 100% used [0x00000000da600000, 0x00000000da700000)
AC   0  F    TS     0 PTAMS 0x00000000da700000 NTAMS 0x00000000da700000 space 1024K,   0% used [0x00000000da700000, 0x00000000da800000)
AC   0  F    TS     0 PTAMS 0x00000000da800000 NTAMS 0x00000000da800000 space 1024K,   0% used [0x00000000da800000, 0x00000000da900000)
AC   0  F    TS     0 PTAMS 0x00000000da900000 NTAMS 0x00000000da900000 space 1024K,   0% used [0x00000000da900000, 0x00000000daa00000)
AC   0  F    TS     0 PTAMS 0x00000000daa00000 NTAMS 0x00000000daa00000 space 1024K,   0% used [0x00000000daa00000, 0x00000000dab00000)
AC   0  F    TS     0 PTAMS 0x00000000dab00000 NTAMS 0x00000000dab00000 space 1024K,   0% used [0x00000000dab00000, 0x00000000dac00000)
AC   0  E    TS     0 PTAMS 0x00000000dac00000 NTAMS 0x00000000dac00000 space 1024K,  66% used [0x00000000dac00000, 0x00000000dad00000)
AC   0  E CS TS     0 PTAMS 0x00000000dad00000 NTAMS 0x00000000dad00000 space 1024K, 100% used [0x00000000dad00000, 0x00000000dae00000)
AC   0  E CS TS     0 PTAMS 0x00000000dae00000 NTAMS 0x00000000dae00000 space 1024K, 100% used [0x00000000dae00000, 0x00000000daf00000)
AC   0  E CS TS     0 PTAMS 0x00000000daf00000 NTAMS 0x00000000daf00000 space 1024K, 100% used [0x00000000daf00000, 0x00000000db000000)
AC   0  E CS TS     0 PTAMS 0x00000000db000000 NTAMS 0x00000000db000000 space 1024K, 100% used [0x00000000db000000, 0x00000000db100000)
AC   0  E CS TS     0 PTAMS 0x00000000db100000 NTAMS 0x00000000db100000 space 1024K, 100% used [0x00000000db100000, 0x00000000db200000)
AC   0  E CS TS     0 PTAMS 0x00000000db200000 NTAMS 0x00000000db200000 space 1024K, 100% used [0x00000000db200000, 0x00000000db300000)
AC   0  E CS TS     0 PTAMS 0x00000000db300000 NTAMS 0x00000000db300000 space 1024K, 100% used [0x00000000db300000, 0x00000000db400000)
AC   0  E CS TS     0 PTAMS 0x00000000db400000 NTAMS 0x00000000db400000 space 1024K, 100% used [0x00000000db400000, 0x00000000db500000)
AC   0  E CS TS     0 PTAMS 0x00000000db500000 NTAMS 0x00000000db500000 space 1024K, 100% used [0x00000000db500000, 0x00000000db600000)
AC   0  E CS TS     0 PTAMS 0x00000000db600000 NTAMS 0x00000000db600000 space 1024K, 100% used [0x00000000db600000, 0x00000000db700000)
AC   0  E CS TS     0 PTAMS 0x00000000db700000 NTAMS 0x00000000db700000 space 1024K, 100% used [0x00000000db700000, 0x00000000db800000)
AC   0  E CS TS     0 PTAMS 0x00000000db800000 NTAMS 0x00000000db800000 space 1024K, 100% used [0x00000000db800000, 0x00000000db900000)
AC   0  E CS TS     0 PTAMS 0x00000000db900000 NTAMS 0x00000000db900000 space 1024K, 100% used [0x00000000db900000, 0x00000000dba00000)
AC   0  E CS TS     1 PTAMS 0x00000000dba00000 NTAMS 0x00000000dba00000 space 1024K, 100% used [0x00000000dba00000, 0x00000000dbb00000)
AC   0  E CS TS     1 PTAMS 0x00000000dbb00000 NTAMS 0x00000000dbb00000 space 1024K, 100% used [0x00000000dbb00000, 0x00000000dbc00000)
AC   0  E CS TS     1 PTAMS 0x00000000dbc00000 NTAMS 0x00000000dbc00000 space 1024K, 100% used [0x00000000dbc00000, 0x00000000dbd00000)

Card table byte_map: [0x0000000012fb0000,0x00000000131b0000] byte_map_base: 0x00000000129b0000

Marking Bits (Prev, Next): (CMBitMap*) 0x00000000029eac38, (CMBitMap*) 0x00000000029eac90
 Prev Bits: [0x00000000133b0000, 0x00000000143b0000)
 Next Bits: [0x00000000143b0000, 0x00000000153b0000)

Polling page: 0x0000000000940000

CodeCache: size=245760Kb used=14705Kb max_used=15460Kb free=231054Kb
 bounds [0x0000000002ab0000, 0x0000000003a10000, 0x0000000011ab0000]
 total_blobs=4827 nmethods=4262 adapters=476
 compilation: enabled

Compilation events (10 events):
Event: 17893.345 Thread 0x0000000018636000 5241       3       java.util.Collections$SingletonList::<init> (10 bytes)
Event: 17893.346 Thread 0x0000000018636000 nmethod 5241 0x0000000002be1010 code [0x0000000002be1180, 0x0000000002be1450]
Event: 17893.364 Thread 0x0000000018636000 5242       1       org.eclipse.sisu.inject.MildValues$Weak::key (5 bytes)
Event: 17893.364 Thread 0x0000000018636000 nmethod 5242 0x0000000003390f50 code [0x00000000033910a0, 0x00000000033911b0]
Event: 17893.399 Thread 0x0000000018636000 5243       3       org.eclipse.osgi.framework.eventmgr.CopyOnWriteIdentityMap::empty (4 bytes)
Event: 17893.399 Thread 0x0000000018636000 nmethod 5243 0x00000000033a6b90 code [0x00000000033a6ce0, 0x00000000033a6e10]
Event: 17893.399 Thread 0x0000000018636000 5244       3       org.eclipse.osgi.framework.eventmgr.CopyOnWriteIdentityMap::<init> (12 bytes)
Event: 17893.399 Thread 0x0000000018636000 nmethod 5244 0x0000000002ddf5d0 code [0x0000000002ddf740, 0x0000000002ddf9b0]
Event: 17893.430 Thread 0x0000000018636000 5246       3       sun.misc.CompoundEnumeration::hasMoreElements (5 bytes)
Event: 17893.431 Thread 0x0000000018636000 nmethod 5246 0x00000000036a8090 code [0x00000000036a8200, 0x00000000036a8388]

GC Heap History (10 events):
Event: 45.436 GC heap before
{Heap before GC invocations=47 (full 0):
 garbage-first heap   total 419840K, used 341750K [0x00000000c0000000, 0x00000000c0100cd0, 0x0000000100000000)
  region size 1024K, 224 young (229376K), 14 survivors (14336K)
 Metaspace       used 39758K, capacity 42058K, committed 42240K, reserved 1087488K
  class space    used 4324K, capacity 5025K, committed 5120K, reserved 1048576K
Event: 45.506 GC heap after
Heap after GC invocations=48 (full 0):
 garbage-first heap   total 419840K, used 151114K [0x00000000c0000000, 0x00000000c0100cd0, 0x0000000100000000)
  region size 1024K, 28 young (28672K), 28 survivors (28672K)
 Metaspace       used 39758K, capacity 42058K, committed 42240K, reserved 1087488K
  class space    used 4324K, capacity 5025K, committed 5120K, reserved 1048576K
}
Event: 11292.182 GC heap before
{Heap before GC invocations=48 (full 0):
 garbage-first heap   total 419840K, used 341578K [0x00000000c0000000, 0x00000000c0100cd0, 0x0000000100000000)
  region size 1024K, 214 young (219136K), 28 survivors (28672K)
 Metaspace       used 40341K, capacity 42798K, committed 43136K, reserved 1087488K
  class space    used 4380K, capacity 5134K, committed 5248K, reserved 1048576K
Event: 11293.300 GC heap after
Heap after GC invocations=49 (full 0):
 garbage-first heap   total 455680K, used 232192K [0x00000000c0000000, 0x00000000c0100de8, 0x0000000100000000)
  region size 1024K, 27 young (27648K), 27 survivors (27648K)
 Metaspace       used 40341K, capacity 42798K, committed 43136K, reserved 1087488K
  class space    used 4380K, capacity 5134K, committed 5248K, reserved 1048576K
}
Event: 11405.627 GC heap before
{Heap before GC invocations=49 (full 0):
 garbage-first heap   total 455680K, used 233216K [0x00000000c0000000, 0x00000000c0100de8, 0x0000000100000000)
  region size 1024K, 28 young (28672K), 27 survivors (27648K)
 Metaspace       used 40348K, capacity 42798K, committed 43136K, reserved 1087488K
  class space    used 4380K, capacity 5134K, committed 5248K, reserved 1048576K
Event: 11405.677 GC heap after
Heap after GC invocations=50 (full 0):
 garbage-first heap   total 455680K, used 207616K [0x00000000c0000000, 0x00000000c0100de8, 0x0000000100000000)
  region size 1024K, 3 young (3072K), 3 survivors (3072K)
 Metaspace       used 40348K, capacity 42798K, committed 43136K, reserved 1087488K
  class space    used 4380K, capacity 5134K, committed 5248K, reserved 1048576K
}
Event: 13701.755 GC heap before
{Heap before GC invocations=51 (full 0):
 garbage-first heap   total 455680K, used 86015K [0x00000000c0000000, 0x00000000c0100de8, 0x0000000100000000)
  region size 1024K, 22 young (22528K), 3 survivors (3072K)
 Metaspace       used 40320K, capacity 42714K, committed 43136K, reserved 1087488K
  class space    used 4366K, capacity 5106K, committed 5248K, reserved 1048576K
Event: 13701.930 GC heap after
Heap after GC invocations=52 (full 0):
 garbage-first heap   total 455680K, used 80384K [0x00000000c0000000, 0x00000000c0100de8, 0x0000000100000000)
  region size 1024K, 3 young (3072K), 3 survivors (3072K)
 Metaspace       used 40320K, capacity 42714K, committed 43136K, reserved 1087488K
  class space    used 4366K, capacity 5106K, committed 5248K, reserved 1048576K
}
Event: 16090.911 GC heap before
{Heap before GC invocations=52 (full 0):
 garbage-first heap   total 455680K, used 99840K [0x00000000c0000000, 0x00000000c0100de8, 0x0000000100000000)
  region size 1024K, 22 young (22528K), 3 survivors (3072K)
 Metaspace       used 40345K, capacity 42714K, committed 43136K, reserved 1087488K
  class space    used 4366K, capacity 5106K, committed 5248K, reserved 1048576K
Event: 16091.081 GC heap after
Heap after GC invocations=53 (full 0):
 garbage-first heap   total 455680K, used 88576K [0x00000000c0000000, 0x00000000c0100de8, 0x0000000100000000)
  region size 1024K, 3 young (3072K), 3 survivors (3072K)
 Metaspace       used 40345K, capacity 42714K, committed 43136K, reserved 1087488K
  class space    used 4366K, capacity 5106K, committed 5248K, reserved 1048576K
}

Deoptimization events (10 events):
Event: 17893.051 Thread 0x000000001ca68800 Uncommon trap: reason=unstable_if action=reinterpret pc=0x00000000035ae0f4 method=java.util.concurrent.FutureTask.runAndReset()Z @ 78
Event: 17893.051 Thread 0x000000001ca68800 Uncommon trap: reason=unstable_if action=reinterpret pc=0x00000000036bea50 method=java.util.concurrent.locks.AbstractQueuedSynchronizer.acquireInterruptibly(I)V @ 3
Event: 17893.054 Thread 0x000000001ca68800 Uncommon trap: reason=unstable_if action=reinterpret pc=0x000000000385b340 method=java.util.concurrent.ScheduledThreadPoolExecutor$DelayedWorkQueue.take()Ljava/util/concurrent/RunnableScheduledFuture; @ 17
Event: 17893.054 Thread 0x000000001ca68800 Uncommon trap: reason=unstable_if action=reinterpret pc=0x000000000342febc method=java.util.concurrent.locks.AbstractQueuedSynchronizer$ConditionObject.addConditionWaiter()Ljava/util/concurrent/locks/AbstractQueuedSynchronizer$Node; @ 6
Event: 17893.102 Thread 0x00000000029b3800 Uncommon trap: reason=unstable_if action=reinterpret pc=0x00000000034d4868 method=java.lang.ref.SoftReference.get()Ljava/lang/Object; @ 6
Event: 17893.121 Thread 0x00000000029b3800 Uncommon trap: reason=unstable_if action=reinterpret pc=0x000000000323442c method=java.lang.ref.SoftReference.get()Ljava/lang/Object; @ 6
Event: 17893.261 Thread 0x000000001e5f9800 Uncommon trap: reason=unstable_if action=reinterpret pc=0x0000000003608780 method=java.util.regex.Pattern.atom()Ljava/util/regex/Pattern$Node; @ 255
Event: 17893.265 Thread 0x000000001e5f9800 Uncommon trap: reason=unstable_if action=reinterpret pc=0x000000000360a2d8 method=java.util.regex.Pattern.sequence(Ljava/util/regex/Pattern$Node;)Ljava/util/regex/Pattern$Node; @ 194
Event: 17893.276 Thread 0x000000001e5f9800 Uncommon trap: reason=unstable_if action=reinterpret pc=0x0000000003600a2c method=java.util.regex.Pattern.newSlice([IIZ)Ljava/util/regex/Pattern$Node; @ 10
Event: 17893.349 Thread 0x000000001e5f9800 Uncommon trap: reason=unstable_if action=reinterpret pc=0x0000000002eac09c method=java.util.HashMap$HashIterator.<init>(Ljava/util/HashMap;)V @ 45

Classes redefined (0 events):
No events

Internal exceptions (10 events):
Event: 40.834 Thread 0x000000001e67d800 Exception <a 'sun/nio/fs/WindowsException'> (0x00000000cbdbe7a0) thrown at [C:\re\workspace\8-2-build-windows-amd64-cygwin\jdk8u181\11358\hotspot\src\share\vm\prims\jni.cpp, line 709]
Event: 40.953 Thread 0x000000001a319800 Exception <a 'java/io/FileNotFoundException'> (0x00000000cbc70aa8) thrown at [C:\re\workspace\8-2-build-windows-amd64-cygwin\jdk8u181\11358\hotspot\src\share\vm\prims\jni.cpp, line 709]
Event: 40.954 Thread 0x000000001a319800 Exception <a 'java/io/FileNotFoundException'> (0x00000000cbc72398) thrown at [C:\re\workspace\8-2-build-windows-amd64-cygwin\jdk8u181\11358\hotspot\src\share\vm\prims\jni.cpp, line 709]
Event: 41.434 Thread 0x000000001a319000 Implicit null exception at 0x0000000003879e88 to 0x000000000387af59
Event: 41.434 Thread 0x000000001a319000 Implicit null exception at 0x00000000036d0876 to 0x00000000036d1c55
Event: 41.675 Thread 0x000000001a319000 Implicit null exception at 0x000000000306bae2 to 0x000000000306bc15
Event: 11682.059 Thread 0x000000001e67d800 Implicit null exception at 0x0000000002fb056f to 0x0000000002fb0dfd
Event: 17893.054 Thread 0x000000001ca68800 Implicit null exception at 0x000000000385ac41 to 0x000000000385b329
Event: 17893.102 Thread 0x00000000029b3800 Implicit null exception at 0x00000000034d3fbd to 0x00000000034d4829
Event: 17893.121 Thread 0x00000000029b3800 Implicit null exception at 0x0000000003233991 to 0x0000000003234411

Events (10 events):
Event: 17893.395 Executing VM operation: RevokeBias
Event: 17893.395 Executing VM operation: RevokeBias done
Event: 17893.395 Executing VM operation: RevokeBias
Event: 17893.395 Executing VM operation: RevokeBias done
Event: 17893.400 Thread 0x0000000018636000 flushing nmethod 0x0000000002fe3050
Event: 17893.403 Executing VM operation: RevokeBias
Event: 17893.403 Executing VM operation: RevokeBias done
Event: 17893.406 Executing VM operation: RevokeBias
Event: 17893.406 Executing VM operation: RevokeBias done
Event: 17893.431 Thread 0x0000000018636000 flushing nmethod 0x00000000030aac50


Dynamic libraries:
0x00007ff67c370000 - 0x00007ff67c3a7000 	C:\Program Files\Java\jdk1.8.0_181\bin\java.exe
0x00007fff31830000 - 0x00007fff31a11000 	C:\WINDOWS\SYSTEM32\ntdll.dll
0x00007fff2f120000 - 0x00007fff2f1d2000 	C:\WINDOWS\System32\KERNEL32.DLL
0x00007fff2ea40000 - 0x00007fff2ecb3000 	C:\WINDOWS\System32\KERNELBASE.dll
0x00007fff2f1e0000 - 0x00007fff2f281000 	C:\WINDOWS\System32\ADVAPI32.dll
0x00007fff31310000 - 0x00007fff313ae000 	C:\WINDOWS\System32\msvcrt.dll
0x00007fff313e0000 - 0x00007fff3143b000 	C:\WINDOWS\System32\sechost.dll
0x00007fff2ecc0000 - 0x00007fff2ede4000 	C:\WINDOWS\System32\RPCRT4.dll
0x00007fff31510000 - 0x00007fff316a0000 	C:\WINDOWS\System32\USER32.dll
0x00007fff2e660000 - 0x00007fff2e680000 	C:\WINDOWS\System32\win32u.dll
0x00007fff313b0000 - 0x00007fff313d8000 	C:\WINDOWS\System32\GDI32.dll
0x00007fff2e680000 - 0x00007fff2e812000 	C:\WINDOWS\System32\gdi32full.dll
0x00007fff2e820000 - 0x00007fff2e8bf000 	C:\WINDOWS\System32\msvcp_win.dll
0x00007fff2e940000 - 0x00007fff2ea3a000 	C:\WINDOWS\System32\ucrtbase.dll
0x00007fff1bf70000 - 0x00007fff1c1d9000 	C:\WINDOWS\WinSxS\amd64_microsoft.windows.common-controls_6595b64144ccf1df_6.0.17134.285_none_fb4297e330656775\COMCTL32.dll
0x00007fff30ea0000 - 0x00007fff311c3000 	C:\WINDOWS\System32\combase.dll
0x00007fff2e8c0000 - 0x00007fff2e93a000 	C:\WINDOWS\System32\bcryptPrimitives.dll
0x00007fff312c0000 - 0x00007fff312ed000 	C:\WINDOWS\System32\IMM32.DLL
0x0000000075eb0000 - 0x0000000075f82000 	C:\Program Files\Java\jdk1.8.0_181\jre\bin\msvcr100.dll
0x00000000744f0000 - 0x0000000074d92000 	C:\Program Files\Java\jdk1.8.0_181\jre\bin\server\jvm.dll
0x00007fff312f0000 - 0x00007fff312f8000 	C:\WINDOWS\System32\PSAPI.DLL
0x00007fff29bf0000 - 0x00007fff29c13000 	C:\WINDOWS\SYSTEM32\WINMM.dll
0x00007fff1daf0000 - 0x00007fff1dafa000 	C:\WINDOWS\SYSTEM32\VERSION.dll
0x00007fff2b930000 - 0x00007fff2b939000 	C:\WINDOWS\SYSTEM32\WSOCK32.dll
0x00007fff31440000 - 0x00007fff314ac000 	C:\WINDOWS\System32\WS2_32.dll
0x00007fff29bb0000 - 0x00007fff29bda000 	C:\WINDOWS\SYSTEM32\WINMMBASE.dll
0x00007fff2dc00000 - 0x00007fff2dc49000 	C:\WINDOWS\System32\cfgmgr32.dll
0x00000000762e0000 - 0x00000000762ef000 	C:\Program Files\Java\jdk1.8.0_181\jre\bin\verify.dll
0x0000000075e80000 - 0x0000000075ea9000 	C:\Program Files\Java\jdk1.8.0_181\jre\bin\java.dll
0x0000000075e60000 - 0x0000000075e76000 	C:\Program Files\Java\jdk1.8.0_181\jre\bin\zip.dll
0x00007fff2f5b0000 - 0x00007fff309f0000 	C:\WINDOWS\System32\SHELL32.dll
0x00007fff2ee90000 - 0x00007fff2ef39000 	C:\WINDOWS\System32\shcore.dll
0x00007fff2dd60000 - 0x00007fff2e46d000 	C:\WINDOWS\System32\windows.storage.dll
0x00007fff2ef40000 - 0x00007fff2ef91000 	C:\WINDOWS\System32\shlwapi.dll
0x00007fff2db60000 - 0x00007fff2db71000 	C:\WINDOWS\System32\kernel.appcore.dll
0x00007fff2db40000 - 0x00007fff2db5f000 	C:\WINDOWS\System32\profapi.dll
0x00007fff2db80000 - 0x00007fff2dbcc000 	C:\WINDOWS\System32\powrprof.dll
0x00007fff2dbd0000 - 0x00007fff2dbda000 	C:\WINDOWS\System32\FLTLIB.DLL
0x00007fff2d570000 - 0x00007fff2d587000 	C:\WINDOWS\SYSTEM32\CRYPTSP.dll
0x00007fff2cfa0000 - 0x00007fff2cfd3000 	C:\WINDOWS\system32\rsaenh.dll
0x00007fff2d6a0000 - 0x00007fff2d6c5000 	C:\WINDOWS\SYSTEM32\bcrypt.dll
0x00007fff2da40000 - 0x00007fff2da68000 	C:\WINDOWS\SYSTEM32\USERENV.dll
0x00007fff2d590000 - 0x00007fff2d59b000 	C:\WINDOWS\SYSTEM32\CRYPTBASE.dll
0x0000000075e40000 - 0x0000000075e5a000 	C:\Program Files\Java\jdk1.8.0_181\jre\bin\net.dll
0x00007fff2d3c0000 - 0x00007fff2d426000 	C:\WINDOWS\system32\mswsock.dll
0x00007fff2d140000 - 0x00007fff2d178000 	C:\WINDOWS\SYSTEM32\IPHLPAPI.DLL
0x00007fff2f110000 - 0x00007fff2f118000 	C:\WINDOWS\System32\NSI.dll
0x00007fff25f80000 - 0x00007fff25f96000 	C:\WINDOWS\SYSTEM32\dhcpcsvc6.DLL
0x00007fff26570000 - 0x00007fff2658a000 	C:\WINDOWS\SYSTEM32\dhcpcsvc.DLL
0x0000000075e20000 - 0x0000000075e31000 	C:\Program Files\Java\jdk1.8.0_181\jre\bin\nio.dll
0x00007fff28500000 - 0x00007fff28529000 	C:\Users\Jenni\.vscode\extensions\redhat.java-0.32.0\server\config_win\org.eclipse.equinox.launcher\org.eclipse.equinox.launcher.win32.win32.x86_64_1.1.900.v20180922-1751\eclipse_1801.dll
0x00007fff24f80000 - 0x00007fff24f91000 	C:\Users\Jenni\.vscode\extensions\redhat.java-0.32.0\server\config_win\org.eclipse.osgi\24\0\.cp\jWinHttp-1.0.0.dll
0x00007fff316a0000 - 0x00007fff317f1000 	C:\WINDOWS\System32\ole32.dll
0x00007fff29770000 - 0x00007fff2984c000 	C:\WINDOWS\SYSTEM32\WINHTTP.dll
0x0000000075df0000 - 0x0000000075e14000 	C:\Program Files\Java\jdk1.8.0_181\jre\bin\sunec.dll
0x00000000762d0000 - 0x00000000762db000 	C:\Program Files\Java\jdk1.8.0_181\jre\bin\sunmscapi.dll
0x00007fff2e470000 - 0x00007fff2e652000 	C:\WINDOWS\System32\CRYPT32.dll
0x00007fff2dbe0000 - 0x00007fff2dbf2000 	C:\WINDOWS\System32\MSASN1.dll
0x00007fff2d180000 - 0x00007fff2d23e000 	C:\WINDOWS\SYSTEM32\DNSAPI.dll
0x00007fff20ef0000 - 0x00007fff20efa000 	C:\Windows\System32\rasadhlp.dll
0x00007fff21110000 - 0x00007fff21182000 	C:\WINDOWS\System32\fwpuclnt.dll

VM Arguments:
jvm_args: -Declipse.application=org.eclipse.jdt.ls.core.id1 -Dosgi.bundles.defaultStartLevel=4 -Declipse.product=org.eclipse.jdt.ls.core.product -Xverify:none -Xmx1G -XX:+UseG1GC -XX:+UseStringDeduplication 
java_command: C:\Users\Jenni\.vscode\extensions\redhat.java-0.32.0\server\plugins\org.eclipse.equinox.launcher_1.5.200.v20180922-1751.jar -configuration C:\Users\Jenni\.vscode\extensions\redhat.java-0.32.0\server\config_win -data C:\Users\Jenni\AppData\Roaming\Code\User\workspaceStorage\b67f13b340613faf3265f7fa0e4c9bf3\redhat.java\jdt_ws
java_class_path (initial): C:\Users\Jenni\.vscode\extensions\redhat.java-0.32.0\server\plugins\org.eclipse.equinox.launcher_1.5.200.v20180922-1751.jar
Launcher Type: SUN_STANDARD

Environment Variables:
PATH=C:\Program Files (x86)\Common Files\Oracle\Java\javapath;C:\Program Files\Microsoft MPI\Bin\;C:\WINDOWS\system32;C:\WINDOWS;C:\WINDOWS\System32\Wbem;C:\WINDOWS\System32\WindowsPowerShell\v1.0\;C:\Program Files (x86)\WinMerge;c:\Program Files\MySQL\MySQL Server 8.0\bin;C:\Program Files\Microsoft SQL Server\120\DTS\Binn\;C:\Program Files\Microsoft SQL Server\Client SDK\ODBC\110\Tools\Binn\;C:\Program Files (x86)\Microsoft SQL Server\120\Tools\Binn\;C:\Program Files\Microsoft SQL Server\120\Tools\Binn\;C:\Program Files (x86)\Microsoft SQL Server\120\Tools\Binn\ManagementStudio\;C:\Program Files (x86)\Microsoft SQL Server\120\DTS\Binn\;C:\Program Files\dotnet\;C:\Program Files\Microsoft SQL Server\130\Tools\Binn\;C:\Program Files\Git\cmd;C:\Program Files\nodejs\;C:\WINDOWS\System32\OpenSSH\;C:\Program Files\Microsoft VS Code\bin;c:\Program Files\MongoDB\Server\4.0\bin;C:\Program Files (x86)\Yarn\bin\;C:\Program Files\Java\jdk1.8.0_181\bin;C:\Program Files\Java\jre1.8.0_181\bin;C:\Users\Jenni\AppData\Local\Microsoft\WindowsApps;C:\Program Files\Microsoft VS Code\bin;C:\Program Files\Heroku\bin;C:\Users\Jenni\AppData\Roaming\npm;C:\Users\Jenni\AppData\Local\GitHubDesktop\bin;C:\Users\Jenni\AppData\Local\Microsoft\WindowsApps;C:\Users\Jenni\AppData\Local\Yarn\bin
USERNAME=Jenni
SHELL=C:\Program Files\Git\usr\bin\bash.exe
DISPLAY=needs-to-be-defined
OS=Windows_NT
PROCESSOR_IDENTIFIER=Intel64 Family 6 Model 69 Stepping 1, GenuineIntel



---------------  S Y S T E M  ---------------

OS: Windows 10.0 , 64 bit Build 17134 (10.0.17134.1)

CPU:total 4 (initial active 4) (2 cores per cpu, 2 threads per core) family 6 model 69 stepping 1, cmov, cx8, fxsr, mmx, sse, sse2, sse3, ssse3, sse4.1, sse4.2, popcnt, avx, avx2, aes, clmul, erms, lzcnt, ht, tsc, tscinvbit, bmi1, bmi2

Memory: 4k page, physical 8298776k(836264k free), swap 23464048k(4856k free)

vm_info: Java HotSpot(TM) 64-Bit Server VM (25.181-b13) for windows-amd64 JRE (1.8.0_181-b13), built on Jul  7 2018 04:01:33 by "java_re" with MS VC++ 10.0 (VS2010)

time: Tue Oct 09 13:42:08 2018
elapsed time: 17893 seconds (0d 4h 58m 13s)

